#
# There is insufficient memory for the Java Runtime Environment to continue.
# Native memory allocation (mmap) failed to map 169869312 bytes for G1 virtual space
# Possible reasons:
#   The system is out of physical RAM or swap space
#   The process is running with CompressedOops enabled, and the Java Heap may be blocking the growth of the native heap
# Possible solutions:
#   Reduce memory load on the system
#   Increase physical memory or swap space
#   Check if swap backing store is full
#   Decrease Java heap size (-Xmx/-Xms)
#   Decrease number of Java threads
#   Decrease Java thread stack sizes (-Xss)
#   Set larger code cache with -XX:ReservedCodeCacheSize=
#   JVM is running with Unscaled Compressed Oops mode in which the Java heap is
#     placed in the first 4GB address space. The Java Heap base address is the
#     maximum limit for the native heap growth. Please use -XX:HeapBaseMinAddress
#     to set the Java Heap base and to place the Java Heap above 4GB virtual address.
# This output file may be truncated or incomplete.
#
#  Out of Memory Error (os_windows.cpp:3600), pid=23660, tid=14540
#
# JRE version: Java(TM) SE Runtime Environment (21.0.2+13) (build 21.0.2+13-LTS-58)
# Java VM: Java HotSpot(TM) 64-Bit Server VM (21.0.2+13-LTS-58, mixed mode, sharing, tiered, compressed oops, compressed class ptrs, g1 gc, windows-amd64)
# No core dump will be written. Minidumps are not enabled by default on client versions of Windows
#

---------------  S U M M A R Y ------------

Command Line: -javaagent:C:\Program Files\JetBrains\IntelliJ IDEA Community Edition 2023.3.3\lib\idea_rt.jar=64624:C:\Program Files\JetBrains\IntelliJ IDEA Community Edition 2023.3.3\bin -Dfile.encoding=UTF-8 -Dsun.stdout.encoding=UTF-8 -Dsun.stderr.encoding=UTF-8 com.example.backend.BackEndApplication

Host: 11th Gen Intel(R) Core(TM) i5-1135G7 @ 2.40GHz, 8 cores, 7G,  Windows 11 , 64 bit Build 22621 (10.0.22621.3374)
Time: Wed May 15 15:44:41 2024 Afr. centrale Ouest elapsed time: 262739.409094 seconds (3d 0h 58m 59s)

---------------  T H R E A D  ---------------

Current thread (0x00000278496e67e0):  VMThread "VM Thread"          [id=14540, stack(0x000000dfeb200000,0x000000dfeb300000) (1024K)]

Stack: [0x000000dfeb200000,0x000000dfeb300000]
Native frames: (J=compiled Java code, j=interpreted, Vv=VM code, C=native code)
V  [jvm.dll+0x6cade9]
V  [jvm.dll+0x8569c1]
V  [jvm.dll+0x858d2e]
V  [jvm.dll+0x859413]
V  [jvm.dll+0x280e56]
V  [jvm.dll+0x6c74d5]
V  [jvm.dll+0x6bbeca]
V  [jvm.dll+0x355bca]
V  [jvm.dll+0x35d816]
V  [jvm.dll+0x3ae67e]
V  [jvm.dll+0x3ae928]
V  [jvm.dll+0x3295dc]
V  [jvm.dll+0x329667]
V  [jvm.dll+0x36df1c]
V  [jvm.dll+0x36c71d]
V  [jvm.dll+0x328d51]
V  [jvm.dll+0x36be2a]
V  [jvm.dll+0x85ef18]
V  [jvm.dll+0x860014]
V  [jvm.dll+0x860550]
V  [jvm.dll+0x8607f3]
V  [jvm.dll+0x7ff568]
V  [jvm.dll+0x6c953d]
C  [ucrtbase.dll+0x29333]
C  [KERNEL32.DLL+0x1257d]
C  [ntdll.dll+0x5aa48]

VM_Operation (0x000000dfecffd1f0): G1CollectForAllocation, mode: safepoint, requested by thread 0x00000278924b70d0


---------------  P R O C E S S  ---------------

Threads class SMR info:
_java_thread_list=0x0000027890066150, length=25, elements={
0x0000027849703190, 0x0000027849705fb0, 0x0000027849709420, 0x000002784970a400,
0x000002784970be70, 0x000002784970c8d0, 0x000002784970d660, 0x0000027849710110,
0x00000278496cfb20, 0x0000027849cce3f0, 0x0000027890e0f260, 0x00000278901edcf0,
0x00000278901ecfd0, 0x0000027891ee4150, 0x00000278924b7760, 0x00000278926a8b70,
0x00000278926abd60, 0x00000278924b7df0, 0x00000278924b6a40, 0x000002788f0040e0,
0x00000278926ab6d0, 0x00000278901f0ae0, 0x00000278926a9f20, 0x0000027891ee47e0,
0x00000278924b70d0
}

Java Threads: ( => current thread )
  0x0000027849703190 JavaThread "Reference Handler"          daemon [_thread_blocked, id=25072, stack(0x000000dfeb300000,0x000000dfeb400000) (1024K)]
  0x0000027849705fb0 JavaThread "Finalizer"                  daemon [_thread_blocked, id=27324, stack(0x000000dfeb400000,0x000000dfeb500000) (1024K)]
  0x0000027849709420 JavaThread "Signal Dispatcher"          daemon [_thread_blocked, id=23764, stack(0x000000dfeb500000,0x000000dfeb600000) (1024K)]
  0x000002784970a400 JavaThread "Attach Listener"            daemon [_thread_blocked, id=25276, stack(0x000000dfeb600000,0x000000dfeb700000) (1024K)]
  0x000002784970be70 JavaThread "Service Thread"             daemon [_thread_blocked, id=25732, stack(0x000000dfeb700000,0x000000dfeb800000) (1024K)]
  0x000002784970c8d0 JavaThread "Monitor Deflation Thread"   daemon [_thread_blocked, id=15616, stack(0x000000dfeb800000,0x000000dfeb900000) (1024K)]
  0x000002784970d660 JavaThread "C2 CompilerThread0"         daemon [_thread_blocked, id=18784, stack(0x000000dfeb900000,0x000000dfeba00000) (1024K)]
  0x0000027849710110 JavaThread "C1 CompilerThread0"         daemon [_thread_blocked, id=27620, stack(0x000000dfeba00000,0x000000dfebb00000) (1024K)]
  0x00000278496cfb20 JavaThread "Common-Cleaner"             daemon [_thread_blocked, id=24748, stack(0x000000dfebb00000,0x000000dfebc00000) (1024K)]
  0x0000027849cce3f0 JavaThread "Notification Thread"        daemon [_thread_blocked, id=1356, stack(0x000000dfebd00000,0x000000dfebe00000) (1024K)]
  0x0000027890e0f260 JavaThread "mysql-cj-abandoned-connection-cleanup" daemon [_thread_blocked, id=23844, stack(0x000000dfec900000,0x000000dfeca00000) (1024K)]
  0x00000278901edcf0 JavaThread "Live Reload Server"         daemon [_thread_in_native, id=26576, stack(0x000000dfed000000,0x000000dfed100000) (1024K)]
  0x00000278901ecfd0 JavaThread "DestroyJavaVM"                     [_thread_blocked, id=25076, stack(0x000000dfeab00000,0x000000dfeac00000) (1024K)]
  0x0000027891ee4150 JavaThread "Thread-5"                          [_thread_blocked, id=20424, stack(0x000000dfea800000,0x000000dfea900000) (1024K)]
  0x00000278924b7760 JavaThread "File Watcher"               daemon [_thread_blocked, id=29260, stack(0x000000dfeaa00000,0x000000dfeab00000) (1024K)]
  0x00000278926a8b70 JavaThread "File Watcher"               daemon [_thread_blocked, id=23712, stack(0x000000dfebc00000,0x000000dfebd00000) (1024K)]
  0x00000278926abd60 JavaThread "File Watcher"               daemon [_thread_blocked, id=8040, stack(0x000000dfea900000,0x000000dfeaa00000) (1024K)]
  0x00000278924b7df0 JavaThread "File Watcher"               daemon [_thread_blocked, id=21548, stack(0x000000dfebe00000,0x000000dfebf00000) (1024K)]
  0x00000278924b6a40 JavaThread "File Watcher"               daemon [_thread_blocked, id=31668, stack(0x000000dfebf00000,0x000000dfec000000) (1024K)]
  0x000002788f0040e0 JavaThread "File Watcher"               daemon [_thread_blocked, id=21632, stack(0x000000dfec500000,0x000000dfec600000) (1024K)]
  0x00000278926ab6d0 JavaThread "File Watcher"               daemon [_thread_blocked, id=30436, stack(0x000000dfeca00000,0x000000dfecb00000) (1024K)]
  0x00000278901f0ae0 JavaThread "File Watcher"               daemon [_thread_blocked, id=1852, stack(0x000000dfecc00000,0x000000dfecd00000) (1024K)]
  0x00000278926a9f20 JavaThread "File Watcher"               daemon [_thread_blocked, id=28652, stack(0x000000dfecd00000,0x000000dfece00000) (1024K)]
  0x0000027891ee47e0 JavaThread "File Watcher"               daemon [_thread_blocked, id=28840, stack(0x000000dfece00000,0x000000dfecf00000) (1024K)]
  0x00000278924b70d0 JavaThread "restartedMain"                     [_thread_blocked, id=20840, stack(0x000000dfecf00000,0x000000dfed000000) (1024K)]
Total: 25

Other Threads:
=>0x00000278496e67e0 VMThread "VM Thread"                           [id=14540, stack(0x000000dfeb200000,0x000000dfeb300000) (1024K)]
  0x00000278496cdd10 WatcherThread "VM Periodic Task Thread"        [id=25420, stack(0x000000dfeb100000,0x000000dfeb200000) (1024K)]
  0x000002782af88ef0 WorkerThread "GC Thread#0"                     [id=26748, stack(0x000000dfeac00000,0x000000dfead00000) (1024K)]
  0x000002788f54de00 WorkerThread "GC Thread#1"                     [id=23628, stack(0x000000dfec000000,0x000000dfec100000) (1024K)]
  0x000002788f54e1a0 WorkerThread "GC Thread#2"                     [id=4948, stack(0x000000dfec100000,0x000000dfec200000) (1024K)]
  0x000002788f54e540 WorkerThread "GC Thread#3"                     [id=25124, stack(0x000000dfec200000,0x000000dfec300000) (1024K)]
  0x000002788f889fd0 WorkerThread "GC Thread#4"                     [id=26628, stack(0x000000dfec300000,0x000000dfec400000) (1024K)]
  0x000002788f88e810 WorkerThread "GC Thread#5"                     [id=21584, stack(0x000000dfec400000,0x000000dfec500000) (1024K)]
  0x0000027849910910 WorkerThread "GC Thread#6"                     [id=13304, stack(0x000000dfec600000,0x000000dfec700000) (1024K)]
  0x0000027849910cb0 WorkerThread "GC Thread#7"                     [id=22496, stack(0x000000dfec700000,0x000000dfec800000) (1024K)]
  0x000002782af99550 ConcurrentGCThread "G1 Main Marker"            [id=8420, stack(0x000000dfead00000,0x000000dfeae00000) (1024K)]
  0x000002782af9a200 WorkerThread "G1 Conc#0"                       [id=26836, stack(0x000000dfeae00000,0x000000dfeaf00000) (1024K)]
  0x0000027890554e90 WorkerThread "G1 Conc#1"                       [id=27400, stack(0x000000dfec800000,0x000000dfec900000) (1024K)]
  0x000002784959f550 ConcurrentGCThread "G1 Refine#0"               [id=10472, stack(0x000000dfeaf00000,0x000000dfeb000000) (1024K)]
  0x000002784959fd70 ConcurrentGCThread "G1 Service"                [id=24856, stack(0x000000dfeb000000,0x000000dfeb100000) (1024K)]
Total: 15

Threads with active compile tasks:
C2 CompilerThread0  262739706 35634       4       org.springframework.data.repository.core.support.RepositoryComposition$RepositoryFragments::findMethod (83 bytes)
Total: 1

VM state: at safepoint (normal execution)

VM Mutex/Monitor currently owned by a thread:  ([mutex/lock_event])
[0x00007ff8f909cd68] Threads_lock - owner thread: 0x00000278496e67e0
[0x00007ff8f909ce68] Heap_lock - owner thread: 0x00000278924b70d0

Heap address: 0x0000000084c00000, size: 1972 MB, Compressed Oops mode: 32-bit

CDS archive(s) mapped at: [0x000002784a000000-0x000002784ac90000-0x000002784ac90000), size 13172736, SharedBaseAddress: 0x000002784a000000, ArchiveRelocationMode: 1.
Compressed class space mapped at: 0x000002784b000000-0x000002788b000000, reserved size: 1073741824
Narrow klass base: 0x000002784a000000, Narrow klass shift: 0, Narrow klass range: 0x100000000

GC Precious Log:
 CardTable entry size: 512
 Card Set container configuration: InlinePtr #cards 5 size 8 Array Of Cards #cards 12 size 40 Howl #buckets 4 coarsen threshold 1843 Howl Bitmap #cards 512 size 80 coarsen threshold 460 Card regions per heap region 1 cards per card region 2048
 CPUs: 8 total, 8 available
 Memory: 7886M
 Large Page Support: Disabled
 NUMA Support: Disabled
 Compressed Oops: Enabled (32-bit)
 Heap Region Size: 1M
 Heap Min Capacity: 8M
 Heap Initial Capacity: 124M
 Heap Max Capacity: 1972M
 Pre-touch: Disabled
 Parallel Workers: 8
 Concurrent Workers: 2
 Concurrent Refinement Workers: 8
 Periodic GC: Disabled

Heap:
 garbage-first heap   total 188416K, used 43639K [0x0000000084c00000, 0x0000000100000000)
  region size 1024K, 3 young (3072K), 3 survivors (3072K)
 Metaspace       used 89715K, committed 90752K, reserved 1179648K
  class space    used 11003K, committed 11520K, reserved 1048576K

Heap Regions: E=young(eden), S=young(survivor), O=old, HS=humongous(starts), HC=humongous(continues), CS=collection set, F=free, TAMS=top-at-mark-start, PB=parsable bottom
|   0|0x0000000084c00000, 0x0000000084d00000, 0x0000000084d00000|100%|HS|  |TAMS 0x0000000084c00000| PB 0x0000000084c00000| Complete 
|   1|0x0000000084d00000, 0x0000000084dfffe8, 0x0000000084e00000| 99%| O|  |TAMS 0x0000000084d00000| PB 0x0000000084d00000| Untracked 
|   2|0x0000000084e00000, 0x0000000084efffd8, 0x0000000084f00000| 99%| O|  |TAMS 0x0000000084e00000| PB 0x0000000084e00000| Untracked 
|   3|0x0000000084f00000, 0x0000000084ffffe8, 0x0000000085000000| 99%| O|  |TAMS 0x0000000084f00000| PB 0x0000000084f00000| Untracked 
|   4|0x0000000085000000, 0x0000000085100000, 0x0000000085100000|100%| O|  |TAMS 0x0000000085000000| PB 0x0000000085000000| Untracked 
|   5|0x0000000085100000, 0x0000000085200000, 0x0000000085200000|100%| O|  |TAMS 0x0000000085100000| PB 0x0000000085100000| Untracked 
|   6|0x0000000085200000, 0x00000000852ee280, 0x0000000085300000| 93%| O|  |TAMS 0x0000000085200000| PB 0x0000000085200000| Untracked 
|   7|0x0000000085300000, 0x00000000853ffc70, 0x0000000085400000| 99%| O|  |TAMS 0x0000000085300000| PB 0x0000000085300000| Untracked 
|   8|0x0000000085400000, 0x0000000085500000, 0x0000000085500000|100%| O|  |TAMS 0x0000000085400000| PB 0x0000000085400000| Untracked 
|   9|0x0000000085500000, 0x00000000855fffb8, 0x0000000085600000| 99%| O|  |TAMS 0x0000000085500000| PB 0x0000000085500000| Untracked 
|  10|0x0000000085600000, 0x00000000856ffff8, 0x0000000085700000| 99%| O|  |TAMS 0x0000000085600000| PB 0x0000000085600000| Untracked 
|  11|0x0000000085700000, 0x00000000857ffff0, 0x0000000085800000| 99%| O|  |TAMS 0x0000000085700000| PB 0x0000000085700000| Untracked 
|  12|0x0000000085800000, 0x00000000858fffd8, 0x0000000085900000| 99%| O|  |TAMS 0x0000000085800000| PB 0x0000000085800000| Untracked 
|  13|0x0000000085900000, 0x00000000859fffd0, 0x0000000085a00000| 99%| O|  |TAMS 0x0000000085900000| PB 0x0000000085900000| Untracked 
|  14|0x0000000085a00000, 0x0000000085afffc0, 0x0000000085b00000| 99%| O|  |TAMS 0x0000000085a00000| PB 0x0000000085a00000| Untracked 
|  15|0x0000000085b00000, 0x0000000085bffff0, 0x0000000085c00000| 99%| O|  |TAMS 0x0000000085b00000| PB 0x0000000085b00000| Untracked 
|  16|0x0000000085c00000, 0x0000000085cffff0, 0x0000000085d00000| 99%| O|  |TAMS 0x0000000085c00000| PB 0x0000000085c00000| Untracked 
|  17|0x0000000085d00000, 0x0000000085df5240, 0x0000000085e00000| 95%| O|  |TAMS 0x0000000085d00000| PB 0x0000000085d00000| Untracked 
|  18|0x0000000085e00000, 0x0000000085f00000, 0x0000000085f00000|100%| O|  |TAMS 0x0000000085e00000| PB 0x0000000085e00000| Untracked 
|  19|0x0000000085f00000, 0x0000000085ffffc0, 0x0000000086000000| 99%| O|  |TAMS 0x0000000085f00000| PB 0x0000000085f00000| Untracked 
|  20|0x0000000086000000, 0x00000000860ffff0, 0x0000000086100000| 99%| O|  |TAMS 0x0000000086000000| PB 0x0000000086000000| Untracked 
|  21|0x0000000086100000, 0x00000000861ffff0, 0x0000000086200000| 99%| O|  |TAMS 0x0000000086100000| PB 0x0000000086100000| Untracked 
|  22|0x0000000086200000, 0x00000000862e9398, 0x0000000086300000| 91%| O|  |TAMS 0x0000000086200000| PB 0x0000000086200000| Untracked 
|  23|0x0000000086300000, 0x00000000863fe3a8, 0x0000000086400000| 99%| O|  |TAMS 0x0000000086300000| PB 0x0000000086300000| Untracked 
|  24|0x0000000086400000, 0x0000000086500000, 0x0000000086500000|100%| O|  |TAMS 0x0000000086400000| PB 0x0000000086400000| Untracked 
|  25|0x0000000086500000, 0x0000000086600000, 0x0000000086600000|100%| O|  |TAMS 0x0000000086500000| PB 0x0000000086500000| Untracked 
|  26|0x0000000086600000, 0x00000000866c5e10, 0x0000000086700000| 77%| O|  |TAMS 0x0000000086600000| PB 0x0000000086600000| Untracked 
|  27|0x0000000086700000, 0x0000000086800000, 0x0000000086800000|100%| O|  |TAMS 0x0000000086700000| PB 0x0000000086700000| Untracked 
|  28|0x0000000086800000, 0x0000000086900000, 0x0000000086900000|100%| O|  |TAMS 0x0000000086800000| PB 0x0000000086800000| Untracked 
|  29|0x0000000086900000, 0x0000000086900000, 0x0000000086a00000|  0%| F|  |TAMS 0x0000000086900000| PB 0x0000000086900000| Untracked 
|  30|0x0000000086a00000, 0x0000000086b00000, 0x0000000086b00000|100%| O|  |TAMS 0x0000000086a00000| PB 0x0000000086a00000| Untracked 
|  31|0x0000000086b00000, 0x0000000086c00000, 0x0000000086c00000|100%| O|  |TAMS 0x0000000086b00000| PB 0x0000000086b00000| Untracked 
|  32|0x0000000086c00000, 0x0000000086d00000, 0x0000000086d00000|100%| O|  |TAMS 0x0000000086c00000| PB 0x0000000086c00000| Untracked 
|  33|0x0000000086d00000, 0x0000000086e00000, 0x0000000086e00000|100%| O|  |TAMS 0x0000000086d00000| PB 0x0000000086d00000| Untracked 
|  34|0x0000000086e00000, 0x0000000086f00000, 0x0000000086f00000|100%| O|  |TAMS 0x0000000086e00000| PB 0x0000000086e00000| Untracked 
|  35|0x0000000086f00000, 0x0000000087000000, 0x0000000087000000|100%| O|  |TAMS 0x0000000086f00000| PB 0x0000000086f00000| Untracked 
|  36|0x0000000087000000, 0x0000000087100000, 0x0000000087100000|100%| O|  |TAMS 0x0000000087000000| PB 0x0000000087000000| Untracked 
|  37|0x0000000087100000, 0x00000000871a4d08, 0x0000000087200000| 64%| O|  |TAMS 0x0000000087100000| PB 0x0000000087100000| Untracked 
|  38|0x0000000087200000, 0x0000000087300000, 0x0000000087300000|100%| O|  |TAMS 0x0000000087200000| PB 0x0000000087200000| Untracked 
|  39|0x0000000087300000, 0x0000000087400000, 0x0000000087400000|100%| O|  |TAMS 0x0000000087300000| PB 0x0000000087300000| Untracked 
|  40|0x0000000087400000, 0x0000000087500000, 0x0000000087500000|100%| O|  |TAMS 0x0000000087400000| PB 0x0000000087400000| Untracked 
|  41|0x0000000087500000, 0x0000000087600000, 0x0000000087600000|100%| O|  |TAMS 0x0000000087500000| PB 0x0000000087500000| Untracked 
|  42|0x0000000087600000, 0x0000000087600000, 0x0000000087700000|  0%| F|  |TAMS 0x0000000087600000| PB 0x0000000087600000| Untracked 
|  43|0x0000000087700000, 0x0000000087700000, 0x0000000087800000|  0%| F|  |TAMS 0x0000000087700000| PB 0x0000000087700000| Untracked 
|  44|0x0000000087800000, 0x0000000087800000, 0x0000000087900000|  0%| F|  |TAMS 0x0000000087800000| PB 0x0000000087800000| Untracked 
|  45|0x0000000087900000, 0x0000000087900000, 0x0000000087a00000|  0%| F|  |TAMS 0x0000000087900000| PB 0x0000000087900000| Untracked 
|  46|0x0000000087a00000, 0x0000000087a00000, 0x0000000087b00000|  0%| F|  |TAMS 0x0000000087a00000| PB 0x0000000087a00000| Untracked 
|  47|0x0000000087b00000, 0x0000000087b00000, 0x0000000087c00000|  0%| F|  |TAMS 0x0000000087b00000| PB 0x0000000087b00000| Untracked 
|  48|0x0000000087c00000, 0x0000000087c00000, 0x0000000087d00000|  0%| F|  |TAMS 0x0000000087c00000| PB 0x0000000087c00000| Untracked 
|  49|0x0000000087d00000, 0x0000000087d00000, 0x0000000087e00000|  0%| F|  |TAMS 0x0000000087d00000| PB 0x0000000087d00000| Untracked 
|  50|0x0000000087e00000, 0x0000000087e00000, 0x0000000087f00000|  0%| F|  |TAMS 0x0000000087e00000| PB 0x0000000087e00000| Untracked 
|  51|0x0000000087f00000, 0x0000000087f00000, 0x0000000088000000|  0%| F|  |TAMS 0x0000000087f00000| PB 0x0000000087f00000| Untracked 
|  52|0x0000000088000000, 0x0000000088000000, 0x0000000088100000|  0%| F|  |TAMS 0x0000000088000000| PB 0x0000000088000000| Untracked 
|  53|0x0000000088100000, 0x0000000088100000, 0x0000000088200000|  0%| F|  |TAMS 0x0000000088100000| PB 0x0000000088100000| Untracked 
|  54|0x0000000088200000, 0x0000000088200000, 0x0000000088300000|  0%| F|  |TAMS 0x0000000088200000| PB 0x0000000088200000| Untracked 
|  55|0x0000000088300000, 0x0000000088300000, 0x0000000088400000|  0%| F|  |TAMS 0x0000000088300000| PB 0x0000000088300000| Untracked 
|  56|0x0000000088400000, 0x0000000088400000, 0x0000000088500000|  0%| F|  |TAMS 0x0000000088400000| PB 0x0000000088400000| Untracked 
|  57|0x0000000088500000, 0x0000000088500000, 0x0000000088600000|  0%| F|  |TAMS 0x0000000088500000| PB 0x0000000088500000| Untracked 
|  58|0x0000000088600000, 0x0000000088600000, 0x0000000088700000|  0%| F|  |TAMS 0x0000000088600000| PB 0x0000000088600000| Untracked 
|  59|0x0000000088700000, 0x0000000088700000, 0x0000000088800000|  0%| F|  |TAMS 0x0000000088700000| PB 0x0000000088700000| Untracked 
|  60|0x0000000088800000, 0x0000000088800000, 0x0000000088900000|  0%| F|  |TAMS 0x0000000088800000| PB 0x0000000088800000| Untracked 
|  61|0x0000000088900000, 0x0000000088900000, 0x0000000088a00000|  0%| F|  |TAMS 0x0000000088900000| PB 0x0000000088900000| Untracked 
|  62|0x0000000088a00000, 0x0000000088a00000, 0x0000000088b00000|  0%| F|  |TAMS 0x0000000088a00000| PB 0x0000000088a00000| Untracked 
|  63|0x0000000088b00000, 0x0000000088b00000, 0x0000000088c00000|  0%| F|  |TAMS 0x0000000088b00000| PB 0x0000000088b00000| Untracked 
|  64|0x0000000088c00000, 0x0000000088c00000, 0x0000000088d00000|  0%| F|  |TAMS 0x0000000088c00000| PB 0x0000000088c00000| Untracked 
|  65|0x0000000088d00000, 0x0000000088d00000, 0x0000000088e00000|  0%| F|  |TAMS 0x0000000088d00000| PB 0x0000000088d00000| Untracked 
|  66|0x0000000088e00000, 0x0000000088e00000, 0x0000000088f00000|  0%| F|  |TAMS 0x0000000088e00000| PB 0x0000000088e00000| Untracked 
|  67|0x0000000088f00000, 0x0000000088f00000, 0x0000000089000000|  0%| F|  |TAMS 0x0000000088f00000| PB 0x0000000088f00000| Untracked 
|  68|0x0000000089000000, 0x0000000089000000, 0x0000000089100000|  0%| F|  |TAMS 0x0000000089000000| PB 0x0000000089000000| Untracked 
|  69|0x0000000089100000, 0x0000000089100000, 0x0000000089200000|  0%| F|  |TAMS 0x0000000089100000| PB 0x0000000089100000| Untracked 
|  70|0x0000000089200000, 0x0000000089200000, 0x0000000089300000|  0%| F|  |TAMS 0x0000000089200000| PB 0x0000000089200000| Untracked 
|  71|0x0000000089300000, 0x0000000089300000, 0x0000000089400000|  0%| F|  |TAMS 0x0000000089300000| PB 0x0000000089300000| Untracked 
|  72|0x0000000089400000, 0x0000000089400000, 0x0000000089500000|  0%| F|  |TAMS 0x0000000089400000| PB 0x0000000089400000| Untracked 
|  73|0x0000000089500000, 0x0000000089500000, 0x0000000089600000|  0%| F|  |TAMS 0x0000000089500000| PB 0x0000000089500000| Untracked 
|  74|0x0000000089600000, 0x0000000089600000, 0x0000000089700000|  0%| F|  |TAMS 0x0000000089600000| PB 0x0000000089600000| Untracked 
|  75|0x0000000089700000, 0x0000000089700000, 0x0000000089800000|  0%| F|  |TAMS 0x0000000089700000| PB 0x0000000089700000| Untracked 
|  76|0x0000000089800000, 0x0000000089800000, 0x0000000089900000|  0%| F|  |TAMS 0x0000000089800000| PB 0x0000000089800000| Untracked 
|  77|0x0000000089900000, 0x0000000089900000, 0x0000000089a00000|  0%| F|  |TAMS 0x0000000089900000| PB 0x0000000089900000| Untracked 
|  78|0x0000000089a00000, 0x0000000089a00000, 0x0000000089b00000|  0%| F|  |TAMS 0x0000000089a00000| PB 0x0000000089a00000| Untracked 
|  79|0x0000000089b00000, 0x0000000089b00000, 0x0000000089c00000|  0%| F|  |TAMS 0x0000000089b00000| PB 0x0000000089b00000| Untracked 
|  80|0x0000000089c00000, 0x0000000089c00000, 0x0000000089d00000|  0%| F|  |TAMS 0x0000000089c00000| PB 0x0000000089c00000| Untracked 
|  81|0x0000000089d00000, 0x0000000089d00000, 0x0000000089e00000|  0%| F|  |TAMS 0x0000000089d00000| PB 0x0000000089d00000| Untracked 
|  82|0x0000000089e00000, 0x0000000089e00000, 0x0000000089f00000|  0%| F|  |TAMS 0x0000000089e00000| PB 0x0000000089e00000| Untracked 
|  83|0x0000000089f00000, 0x0000000089f00000, 0x000000008a000000|  0%| F|  |TAMS 0x0000000089f00000| PB 0x0000000089f00000| Untracked 
|  84|0x000000008a000000, 0x000000008a000000, 0x000000008a100000|  0%| F|  |TAMS 0x000000008a000000| PB 0x000000008a000000| Untracked 
|  85|0x000000008a100000, 0x000000008a100000, 0x000000008a200000|  0%| F|  |TAMS 0x000000008a100000| PB 0x000000008a100000| Untracked 
|  86|0x000000008a200000, 0x000000008a200000, 0x000000008a300000|  0%| F|  |TAMS 0x000000008a200000| PB 0x000000008a200000| Untracked 
|  87|0x000000008a300000, 0x000000008a300000, 0x000000008a400000|  0%| F|  |TAMS 0x000000008a300000| PB 0x000000008a300000| Untracked 
|  88|0x000000008a400000, 0x000000008a468c20, 0x000000008a500000| 40%| S|CS|TAMS 0x000000008a400000| PB 0x000000008a400000| Complete 
|  89|0x000000008a500000, 0x000000008a600000, 0x000000008a600000|100%| S|CS|TAMS 0x000000008a500000| PB 0x000000008a500000| Complete 
|  90|0x000000008a600000, 0x000000008a700000, 0x000000008a700000|100%| S|CS|TAMS 0x000000008a600000| PB 0x000000008a600000| Complete 
|  91|0x000000008a700000, 0x000000008a700000, 0x000000008a800000|  0%| F|  |TAMS 0x000000008a700000| PB 0x000000008a700000| Untracked 
|  92|0x000000008a800000, 0x000000008a800000, 0x000000008a900000|  0%| F|  |TAMS 0x000000008a800000| PB 0x000000008a800000| Untracked 
|  93|0x000000008a900000, 0x000000008a900000, 0x000000008aa00000|  0%| F|  |TAMS 0x000000008a900000| PB 0x000000008a900000| Untracked 
|  94|0x000000008aa00000, 0x000000008aa00000, 0x000000008ab00000|  0%| F|  |TAMS 0x000000008aa00000| PB 0x000000008aa00000| Untracked 
|  95|0x000000008ab00000, 0x000000008ab00000, 0x000000008ac00000|  0%| F|  |TAMS 0x000000008ab00000| PB 0x000000008ab00000| Untracked 
|  96|0x000000008ac00000, 0x000000008ac00000, 0x000000008ad00000|  0%| F|  |TAMS 0x000000008ac00000| PB 0x000000008ac00000| Untracked 
|  97|0x000000008ad00000, 0x000000008ad00000, 0x000000008ae00000|  0%| F|  |TAMS 0x000000008ad00000| PB 0x000000008ad00000| Untracked 
|  98|0x000000008ae00000, 0x000000008ae00000, 0x000000008af00000|  0%| F|  |TAMS 0x000000008ae00000| PB 0x000000008ae00000| Untracked 
|  99|0x000000008af00000, 0x000000008af00000, 0x000000008b000000|  0%| F|  |TAMS 0x000000008af00000| PB 0x000000008af00000| Untracked 
| 100|0x000000008b000000, 0x000000008b000000, 0x000000008b100000|  0%| F|  |TAMS 0x000000008b000000| PB 0x000000008b000000| Untracked 
| 101|0x000000008b100000, 0x000000008b100000, 0x000000008b200000|  0%| F|  |TAMS 0x000000008b100000| PB 0x000000008b100000| Untracked 
| 102|0x000000008b200000, 0x000000008b200000, 0x000000008b300000|  0%| F|  |TAMS 0x000000008b200000| PB 0x000000008b200000| Untracked 
| 103|0x000000008b300000, 0x000000008b300000, 0x000000008b400000|  0%| F|  |TAMS 0x000000008b300000| PB 0x000000008b300000| Untracked 
| 104|0x000000008b400000, 0x000000008b400000, 0x000000008b500000|  0%| F|  |TAMS 0x000000008b400000| PB 0x000000008b400000| Untracked 
| 105|0x000000008b500000, 0x000000008b500000, 0x000000008b600000|  0%| F|  |TAMS 0x000000008b500000| PB 0x000000008b500000| Untracked 
| 106|0x000000008b600000, 0x000000008b600000, 0x000000008b700000|  0%| F|  |TAMS 0x000000008b600000| PB 0x000000008b600000| Untracked 
| 107|0x000000008b700000, 0x000000008b700000, 0x000000008b800000|  0%| F|  |TAMS 0x000000008b700000| PB 0x000000008b700000| Untracked 
| 108|0x000000008b800000, 0x000000008b800000, 0x000000008b900000|  0%| F|  |TAMS 0x000000008b800000| PB 0x000000008b800000| Untracked 
| 109|0x000000008b900000, 0x000000008b900000, 0x000000008ba00000|  0%| F|  |TAMS 0x000000008b900000| PB 0x000000008b900000| Untracked 
| 110|0x000000008ba00000, 0x000000008ba00000, 0x000000008bb00000|  0%| F|  |TAMS 0x000000008ba00000| PB 0x000000008ba00000| Untracked 
| 111|0x000000008bb00000, 0x000000008bb00000, 0x000000008bc00000|  0%| F|  |TAMS 0x000000008bb00000| PB 0x000000008bb00000| Untracked 
| 112|0x000000008bc00000, 0x000000008bc00000, 0x000000008bd00000|  0%| F|  |TAMS 0x000000008bc00000| PB 0x000000008bc00000| Untracked 
| 113|0x000000008bd00000, 0x000000008bd00000, 0x000000008be00000|  0%| F|  |TAMS 0x000000008bd00000| PB 0x000000008bd00000| Untracked 
| 114|0x000000008be00000, 0x000000008be00000, 0x000000008bf00000|  0%| F|  |TAMS 0x000000008be00000| PB 0x000000008be00000| Untracked 
| 115|0x000000008bf00000, 0x000000008bf00000, 0x000000008c000000|  0%| F|  |TAMS 0x000000008bf00000| PB 0x000000008bf00000| Untracked 
| 116|0x000000008c000000, 0x000000008c000000, 0x000000008c100000|  0%| F|  |TAMS 0x000000008c000000| PB 0x000000008c000000| Untracked 
| 117|0x000000008c100000, 0x000000008c100000, 0x000000008c200000|  0%| F|  |TAMS 0x000000008c100000| PB 0x000000008c100000| Untracked 
| 118|0x000000008c200000, 0x000000008c200000, 0x000000008c300000|  0%| F|  |TAMS 0x000000008c200000| PB 0x000000008c200000| Untracked 
| 119|0x000000008c300000, 0x000000008c300000, 0x000000008c400000|  0%| F|  |TAMS 0x000000008c300000| PB 0x000000008c300000| Untracked 
| 120|0x000000008c400000, 0x000000008c400000, 0x000000008c500000|  0%| F|  |TAMS 0x000000008c400000| PB 0x000000008c400000| Untracked 
| 121|0x000000008c500000, 0x000000008c500000, 0x000000008c600000|  0%| F|  |TAMS 0x000000008c500000| PB 0x000000008c500000| Untracked 
| 122|0x000000008c600000, 0x000000008c600000, 0x000000008c700000|  0%| F|  |TAMS 0x000000008c600000| PB 0x000000008c600000| Untracked 
| 123|0x000000008c700000, 0x000000008c700000, 0x000000008c800000|  0%| F|  |TAMS 0x000000008c700000| PB 0x000000008c700000| Untracked 
| 124|0x000000008c800000, 0x000000008c800000, 0x000000008c900000|  0%| F|  |TAMS 0x000000008c800000| PB 0x000000008c800000| Untracked 
| 125|0x000000008c900000, 0x000000008c900000, 0x000000008ca00000|  0%| F|  |TAMS 0x000000008c900000| PB 0x000000008c900000| Untracked 
| 126|0x000000008ca00000, 0x000000008ca00000, 0x000000008cb00000|  0%| F|  |TAMS 0x000000008ca00000| PB 0x000000008ca00000| Untracked 
| 127|0x000000008cb00000, 0x000000008cb00000, 0x000000008cc00000|  0%| F|  |TAMS 0x000000008cb00000| PB 0x000000008cb00000| Untracked 
| 128|0x000000008cc00000, 0x000000008cc00000, 0x000000008cd00000|  0%| F|  |TAMS 0x000000008cc00000| PB 0x000000008cc00000| Untracked 
| 129|0x000000008cd00000, 0x000000008cd00000, 0x000000008ce00000|  0%| F|  |TAMS 0x000000008cd00000| PB 0x000000008cd00000| Untracked 
| 130|0x000000008ce00000, 0x000000008ce00000, 0x000000008cf00000|  0%| F|  |TAMS 0x000000008ce00000| PB 0x000000008ce00000| Untracked 
| 131|0x000000008cf00000, 0x000000008cf00000, 0x000000008d000000|  0%| F|  |TAMS 0x000000008cf00000| PB 0x000000008cf00000| Untracked 
| 132|0x000000008d000000, 0x000000008d000000, 0x000000008d100000|  0%| F|  |TAMS 0x000000008d000000| PB 0x000000008d000000| Untracked 
| 133|0x000000008d100000, 0x000000008d100000, 0x000000008d200000|  0%| F|  |TAMS 0x000000008d100000| PB 0x000000008d100000| Untracked 
| 134|0x000000008d200000, 0x000000008d200000, 0x000000008d300000|  0%| F|  |TAMS 0x000000008d200000| PB 0x000000008d200000| Untracked 
| 135|0x000000008d300000, 0x000000008d300000, 0x000000008d400000|  0%| F|  |TAMS 0x000000008d300000| PB 0x000000008d300000| Untracked 
| 136|0x000000008d400000, 0x000000008d400000, 0x000000008d500000|  0%| F|  |TAMS 0x000000008d400000| PB 0x000000008d400000| Untracked 
| 137|0x000000008d500000, 0x000000008d500000, 0x000000008d600000|  0%| F|  |TAMS 0x000000008d500000| PB 0x000000008d500000| Untracked 
| 138|0x000000008d600000, 0x000000008d600000, 0x000000008d700000|  0%| F|  |TAMS 0x000000008d600000| PB 0x000000008d600000| Untracked 
| 139|0x000000008d700000, 0x000000008d700000, 0x000000008d800000|  0%| F|  |TAMS 0x000000008d700000| PB 0x000000008d700000| Untracked 
| 140|0x000000008d800000, 0x000000008d800000, 0x000000008d900000|  0%| F|  |TAMS 0x000000008d800000| PB 0x000000008d800000| Untracked 
| 141|0x000000008d900000, 0x000000008d900000, 0x000000008da00000|  0%| F|  |TAMS 0x000000008d900000| PB 0x000000008d900000| Untracked 
| 142|0x000000008da00000, 0x000000008da00000, 0x000000008db00000|  0%| F|  |TAMS 0x000000008da00000| PB 0x000000008da00000| Untracked 
| 143|0x000000008db00000, 0x000000008db00000, 0x000000008dc00000|  0%| F|  |TAMS 0x000000008db00000| PB 0x000000008db00000| Untracked 
| 144|0x000000008dc00000, 0x000000008dc00000, 0x000000008dd00000|  0%| F|  |TAMS 0x000000008dc00000| PB 0x000000008dc00000| Untracked 
| 145|0x000000008dd00000, 0x000000008dd00000, 0x000000008de00000|  0%| F|  |TAMS 0x000000008dd00000| PB 0x000000008dd00000| Untracked 
| 146|0x000000008de00000, 0x000000008de00000, 0x000000008df00000|  0%| F|  |TAMS 0x000000008de00000| PB 0x000000008de00000| Untracked 
| 147|0x000000008df00000, 0x000000008df00000, 0x000000008e000000|  0%| F|  |TAMS 0x000000008df00000| PB 0x000000008df00000| Untracked 
| 148|0x000000008e000000, 0x000000008e000000, 0x000000008e100000|  0%| F|  |TAMS 0x000000008e000000| PB 0x000000008e000000| Untracked 
| 149|0x000000008e100000, 0x000000008e100000, 0x000000008e200000|  0%| F|  |TAMS 0x000000008e100000| PB 0x000000008e100000| Untracked 
| 150|0x000000008e200000, 0x000000008e200000, 0x000000008e300000|  0%| F|  |TAMS 0x000000008e200000| PB 0x000000008e200000| Untracked 
| 151|0x000000008e300000, 0x000000008e300000, 0x000000008e400000|  0%| F|  |TAMS 0x000000008e300000| PB 0x000000008e300000| Untracked 
| 152|0x000000008e400000, 0x000000008e400000, 0x000000008e500000|  0%| F|  |TAMS 0x000000008e400000| PB 0x000000008e400000| Untracked 
| 153|0x000000008e500000, 0x000000008e500000, 0x000000008e600000|  0%| F|  |TAMS 0x000000008e500000| PB 0x000000008e500000| Untracked 
| 154|0x000000008e600000, 0x000000008e600000, 0x000000008e700000|  0%| F|  |TAMS 0x000000008e600000| PB 0x000000008e600000| Untracked 
| 155|0x000000008e700000, 0x000000008e700000, 0x000000008e800000|  0%| F|  |TAMS 0x000000008e700000| PB 0x000000008e700000| Untracked 
| 156|0x000000008e800000, 0x000000008e800000, 0x000000008e900000|  0%| F|  |TAMS 0x000000008e800000| PB 0x000000008e800000| Untracked 
| 157|0x000000008e900000, 0x000000008e900000, 0x000000008ea00000|  0%| F|  |TAMS 0x000000008e900000| PB 0x000000008e900000| Untracked 
| 158|0x000000008ea00000, 0x000000008ea00000, 0x000000008eb00000|  0%| F|  |TAMS 0x000000008ea00000| PB 0x000000008ea00000| Untracked 
| 159|0x000000008eb00000, 0x000000008eb00000, 0x000000008ec00000|  0%| F|  |TAMS 0x000000008eb00000| PB 0x000000008eb00000| Untracked 
| 160|0x000000008ec00000, 0x000000008ec00000, 0x000000008ed00000|  0%| F|  |TAMS 0x000000008ec00000| PB 0x000000008ec00000| Untracked 
| 161|0x000000008ed00000, 0x000000008ed00000, 0x000000008ee00000|  0%| F|  |TAMS 0x000000008ed00000| PB 0x000000008ed00000| Untracked 
| 162|0x000000008ee00000, 0x000000008ee00000, 0x000000008ef00000|  0%| F|  |TAMS 0x000000008ee00000| PB 0x000000008ee00000| Untracked 
| 163|0x000000008ef00000, 0x000000008ef00000, 0x000000008f000000|  0%| F|  |TAMS 0x000000008ef00000| PB 0x000000008ef00000| Untracked 
| 164|0x000000008f000000, 0x000000008f000000, 0x000000008f100000|  0%| F|  |TAMS 0x000000008f000000| PB 0x000000008f000000| Untracked 
| 165|0x000000008f100000, 0x000000008f100000, 0x000000008f200000|  0%| F|  |TAMS 0x000000008f100000| PB 0x000000008f100000| Untracked 
| 166|0x000000008f200000, 0x000000008f200000, 0x000000008f300000|  0%| F|  |TAMS 0x000000008f200000| PB 0x000000008f200000| Untracked 
| 167|0x000000008f300000, 0x000000008f300000, 0x000000008f400000|  0%| F|  |TAMS 0x000000008f300000| PB 0x000000008f300000| Untracked 
| 168|0x000000008f400000, 0x000000008f400000, 0x000000008f500000|  0%| F|  |TAMS 0x000000008f400000| PB 0x000000008f400000| Untracked 
| 169|0x000000008f500000, 0x000000008f500000, 0x000000008f600000|  0%| F|  |TAMS 0x000000008f500000| PB 0x000000008f500000| Untracked 
| 170|0x000000008f600000, 0x000000008f600000, 0x000000008f700000|  0%| F|  |TAMS 0x000000008f600000| PB 0x000000008f600000| Untracked 
| 171|0x000000008f700000, 0x000000008f700000, 0x000000008f800000|  0%| F|  |TAMS 0x000000008f700000| PB 0x000000008f700000| Untracked 
| 172|0x000000008f800000, 0x000000008f800000, 0x000000008f900000|  0%| F|  |TAMS 0x000000008f800000| PB 0x000000008f800000| Untracked 
| 173|0x000000008f900000, 0x000000008f900000, 0x000000008fa00000|  0%| F|  |TAMS 0x000000008f900000| PB 0x000000008f900000| Untracked 
| 174|0x000000008fa00000, 0x000000008fa00000, 0x000000008fb00000|  0%| F|  |TAMS 0x000000008fa00000| PB 0x000000008fa00000| Untracked 
| 175|0x000000008fb00000, 0x000000008fb00000, 0x000000008fc00000|  0%| F|  |TAMS 0x000000008fb00000| PB 0x000000008fb00000| Untracked 
| 176|0x000000008fc00000, 0x000000008fc00000, 0x000000008fd00000|  0%| F|  |TAMS 0x000000008fc00000| PB 0x000000008fc00000| Untracked 
| 177|0x000000008fd00000, 0x000000008fd00000, 0x000000008fe00000|  0%| F|  |TAMS 0x000000008fd00000| PB 0x000000008fd00000| Untracked 
| 178|0x000000008fe00000, 0x000000008fe00000, 0x000000008ff00000|  0%| F|  |TAMS 0x000000008fe00000| PB 0x000000008fe00000| Untracked 
| 179|0x000000008ff00000, 0x000000008ff00000, 0x0000000090000000|  0%| F|  |TAMS 0x000000008ff00000| PB 0x000000008ff00000| Untracked 
| 180|0x0000000090000000, 0x0000000090000000, 0x0000000090100000|  0%| F|  |TAMS 0x0000000090000000| PB 0x0000000090000000| Untracked 
| 181|0x0000000090100000, 0x0000000090100000, 0x0000000090200000|  0%| F|  |TAMS 0x0000000090100000| PB 0x0000000090100000| Untracked 
| 182|0x0000000090200000, 0x0000000090200000, 0x0000000090300000|  0%| F|  |TAMS 0x0000000090200000| PB 0x0000000090200000| Untracked 
| 183|0x0000000090300000, 0x0000000090300000, 0x0000000090400000|  0%| F|  |TAMS 0x0000000090300000| PB 0x0000000090300000| Untracked 

Card table byte_map: [0x00000278449b0000,0x0000027844d90000] _byte_map_base: 0x000002784458a000

Marking Bits: (CMBitMap*) 0x000002782af895f0
 Bits: [0x0000027844d90000, 0x0000027846c60000)

Polling page: 0x0000027834b40000

Metaspace:

Usage:
  Non-class:     76.87 MB used.
      Class:     10.75 MB used.
       Both:     87.61 MB used.

Virtual space:
  Non-class space:      128.00 MB reserved,      77.38 MB ( 60%) committed,  2 nodes.
      Class space:        1.00 GB reserved,      11.25 MB (  1%) committed,  1 nodes.
             Both:        1.12 GB reserved,      88.62 MB (  8%) committed. 

Chunk freelists:
   Non-Class:  1.95 MB
       Class:  4.71 MB
        Both:  6.66 MB

MaxMetaspaceSize: unlimited
CompressedClassSpaceSize: 1.00 GB
Initial GC threshold: 21.00 MB
Current GC threshold: 146.38 MB
CDS: on
 - commit_granule_bytes: 65536.
 - commit_granule_words: 8192.
 - virtual_space_node_default_size: 8388608.
 - enlarge_chunks_in_place: 1.
 - use_allocation_guard: 0.


Internal statistics:

num_allocs_failed_limit: 9.
num_arena_births: 2118.
num_arena_deaths: 822.
num_vsnodes_births: 3.
num_vsnodes_deaths: 0.
num_space_committed: 1418.
num_space_uncommitted: 0.
num_chunks_returned_to_freelist: 985.
num_chunks_taken_from_freelist: 6142.
num_chunk_merges: 199.
num_chunk_splits: 3711.
num_chunks_enlarged: 2591.
num_inconsistent_stats: 0.

CodeHeap 'non-profiled nmethods': size=120000Kb used=8506Kb max_used=10366Kb free=111493Kb
 bounds [0x000002783c630000, 0x000002783d060000, 0x0000027843b60000]
CodeHeap 'profiled nmethods': size=120000Kb used=13537Kb max_used=19274Kb free=106462Kb
 bounds [0x0000027834b60000, 0x0000027835e40000, 0x000002783c090000]
CodeHeap 'non-nmethods': size=5760Kb used=1989Kb max_used=2078Kb free=3770Kb
 bounds [0x000002783c090000, 0x000002783c300000, 0x000002783c630000]
 total_blobs=8702 nmethods=7929 adapters=676
 compilation: enabled
              stopped_count=0, restarted_count=0
 full_count=0

Compilation events (20 events):
Event: 262739.308 Thread 0x0000027849710110 35710       2       org.springframework.beans.factory.config.ConstructorArgumentValues::<init> (27 bytes)
Event: 262739.309 Thread 0x0000027849710110 nmethod 35710 0x0000027834fbec10 code [0x0000027834fbedc0, 0x0000027834fbf0c0]
Event: 262739.309 Thread 0x0000027849710110 35711       2       org.springframework.beans.factory.support.AbstractAutowireCapableBeanFactory::autowireConstructor (17 bytes)
Event: 262739.310 Thread 0x0000027849710110 nmethod 35711 0x0000027834fbe710 code [0x0000027834fbe8c0, 0x0000027834fbeb10]
Event: 262739.310 Thread 0x0000027849710110 35712       2       java.beans.PropertyEditorSupport::setValue (10 bytes)
Event: 262739.310 Thread 0x0000027849710110 nmethod 35712 0x0000027834fbe310 code [0x0000027834fbe4c0, 0x0000027834fbe630]
Event: 262739.310 Thread 0x0000027849710110 35713       1       java.beans.PropertyEditorSupport::getValue (5 bytes)
Event: 262739.310 Thread 0x0000027849710110 nmethod 35713 0x000002783ca04c10 code [0x000002783ca04da0, 0x000002783ca04e68]
Event: 262739.311 Thread 0x000002784970d660 nmethod 35695 0x000002783c722510 code [0x000002783c7226c0, 0x000002783c722930]
Event: 262739.311 Thread 0x000002784970d660 35567       4       jdk.internal.org.objectweb.asm.Frame::getLocal (46 bytes)
Event: 262739.311 Thread 0x000002784970d660 nmethod 35567 0x000002783c722190 code [0x000002783c722320, 0x000002783c722418]
Event: 262739.312 Thread 0x000002784970d660 35674       4       jdk.internal.org.objectweb.asm.Frame::pop (53 bytes)
Event: 262739.321 Thread 0x000002784970d660 nmethod 35674 0x000002783c720d10 code [0x000002783c720f60, 0x000002783c721998]
Event: 262739.321 Thread 0x000002784970d660 35675       4       jdk.internal.org.objectweb.asm.MethodWriter::visitMethodInsn (191 bytes)
Event: 262739.341 Thread 0x000002784970d660 nmethod 35675 0x000002783c827e90 code [0x000002783c8281c0, 0x000002783c829858]
Event: 262739.342 Thread 0x000002784970d660 35673       4       org.springframework.aop.support.AopUtils::isEqualsMethod (5 bytes)
Event: 262739.343 Thread 0x000002784970d660 nmethod 35673 0x000002783c720790 code [0x000002783c720940, 0x000002783c720b90]
Event: 262739.343 Thread 0x000002784970d660 35671       4       org.hibernate.query.internal.QueryEngineImpl::lambda$new$1 (2 bytes)
Event: 262739.343 Thread 0x000002784970d660 nmethod 35671 0x000002783ca04910 code [0x000002783ca04a80, 0x000002783ca04ae8]
Event: 262739.343 Thread 0x000002784970d660 35634       4       org.springframework.data.repository.core.support.RepositoryComposition$RepositoryFragments::findMethod (83 bytes)

GC Heap History (20 events):
Event: 262399.511 GC heap after
{Heap after GC invocations=389 (full 1):
 garbage-first heap   total 96256K, used 37437K [0x0000000084c00000, 0x0000000100000000)
  region size 1024K, 3 young (3072K), 3 survivors (3072K)
 Metaspace       used 87904K, committed 88896K, reserved 1179648K
  class space    used 10849K, committed 11328K, reserved 1048576K
}
Event: 262399.678 GC heap before
{Heap before GC invocations=389 (full 1):
 garbage-first heap   total 96256K, used 40509K [0x0000000084c00000, 0x0000000100000000)
  region size 1024K, 6 young (6144K), 3 survivors (3072K)
 Metaspace       used 87904K, committed 88896K, reserved 1179648K
  class space    used 10849K, committed 11328K, reserved 1048576K
}
Event: 262399.724 GC heap after
{Heap after GC invocations=390 (full 1):
 garbage-first heap   total 96256K, used 36718K [0x0000000084c00000, 0x0000000100000000)
  region size 1024K, 1 young (1024K), 1 survivors (1024K)
 Metaspace       used 87904K, committed 88896K, reserved 1179648K
  class space    used 10849K, committed 11328K, reserved 1048576K
}
Event: 262401.782 GC heap before
{Heap before GC invocations=390 (full 1):
 garbage-first heap   total 96256K, used 53102K [0x0000000084c00000, 0x0000000100000000)
  region size 1024K, 17 young (17408K), 1 survivors (1024K)
 Metaspace       used 88092K, committed 89088K, reserved 1179648K
  class space    used 10863K, committed 11328K, reserved 1048576K
}
Event: 262401.888 GC heap after
{Heap after GC invocations=391 (full 1):
 garbage-first heap   total 188416K, used 37317K [0x0000000084c00000, 0x0000000100000000)
  region size 1024K, 2 young (2048K), 2 survivors (2048K)
 Metaspace       used 88092K, committed 89088K, reserved 1179648K
  class space    used 10863K, committed 11328K, reserved 1048576K
}
Event: 262499.208 GC heap before
{Heap before GC invocations=391 (full 1):
 garbage-first heap   total 188416K, used 120261K [0x0000000084c00000, 0x0000000100000000)
  region size 1024K, 83 young (84992K), 2 survivors (2048K)
 Metaspace       used 88107K, committed 89088K, reserved 1179648K
  class space    used 10863K, committed 11328K, reserved 1048576K
}
Event: 262499.333 GC heap after
{Heap after GC invocations=392 (full 1):
 garbage-first heap   total 188416K, used 37663K [0x0000000084c00000, 0x0000000100000000)
  region size 1024K, 3 young (3072K), 3 survivors (3072K)
 Metaspace       used 88107K, committed 89088K, reserved 1179648K
  class space    used 10863K, committed 11328K, reserved 1048576K
}
Event: 262612.240 GC heap before
{Heap before GC invocations=393 (full 1):
 garbage-first heap   total 137216K, used 116511K [0x0000000084c00000, 0x0000000100000000)
  region size 1024K, 80 young (81920K), 3 survivors (3072K)
 Metaspace       used 88107K, committed 89088K, reserved 1179648K
  class space    used 10863K, committed 11328K, reserved 1048576K
}
Event: 262612.344 GC heap after
{Heap after GC invocations=394 (full 1):
 garbage-first heap   total 137216K, used 37475K [0x0000000084c00000, 0x0000000100000000)
  region size 1024K, 2 young (2048K), 2 survivors (2048K)
 Metaspace       used 88107K, committed 89088K, reserved 1179648K
  class space    used 10863K, committed 11328K, reserved 1048576K
}
Event: 262621.793 GC heap before
{Heap before GC invocations=394 (full 1):
 garbage-first heap   total 137216K, used 44643K [0x0000000084c00000, 0x0000000100000000)
  region size 1024K, 9 young (9216K), 2 survivors (2048K)
 Metaspace       used 88107K, committed 89088K, reserved 1179648K
  class space    used 10863K, committed 11328K, reserved 1048576K
}
Event: 262621.816 GC heap after
{Heap after GC invocations=395 (full 1):
 garbage-first heap   total 137216K, used 37433K [0x0000000084c00000, 0x0000000100000000)
  region size 1024K, 1 young (1024K), 1 survivors (1024K)
 Metaspace       used 88107K, committed 89088K, reserved 1179648K
  class space    used 10863K, committed 11328K, reserved 1048576K
}
Event: 262649.453 GC heap before
{Heap before GC invocations=395 (full 1):
 garbage-first heap   total 137216K, used 98873K [0x0000000084c00000, 0x0000000100000000)
  region size 1024K, 62 young (63488K), 1 survivors (1024K)
 Metaspace       used 88478K, committed 89472K, reserved 1179648K
  class space    used 10897K, committed 11392K, reserved 1048576K
}
Event: 262649.499 GC heap after
{Heap after GC invocations=396 (full 1):
 garbage-first heap   total 137216K, used 40363K [0x0000000084c00000, 0x0000000100000000)
  region size 1024K, 5 young (5120K), 5 survivors (5120K)
 Metaspace       used 88478K, committed 89472K, reserved 1179648K
  class space    used 10897K, committed 11392K, reserved 1048576K
}
Event: 262698.201 GC heap before
{Heap before GC invocations=396 (full 1):
 garbage-first heap   total 137216K, used 101803K [0x0000000084c00000, 0x0000000100000000)
  region size 1024K, 66 young (67584K), 5 survivors (5120K)
 Metaspace       used 88883K, committed 89920K, reserved 1179648K
  class space    used 10939K, committed 11456K, reserved 1048576K
}
Event: 262698.218 GC heap after
{Heap after GC invocations=397 (full 1):
 garbage-first heap   total 137216K, used 37716K [0x0000000084c00000, 0x0000000100000000)
  region size 1024K, 2 young (2048K), 2 survivors (2048K)
 Metaspace       used 88883K, committed 89920K, reserved 1179648K
  class space    used 10939K, committed 11456K, reserved 1048576K
}
Event: 262736.264 GC heap before
{Heap before GC invocations=398 (full 1):
 garbage-first heap   total 133120K, used 114516K [0x0000000084c00000, 0x0000000100000000)
  region size 1024K, 78 young (79872K), 2 survivors (2048K)
 Metaspace       used 89271K, committed 90368K, reserved 1179648K
  class space    used 10974K, committed 11520K, reserved 1048576K
}
Event: 262736.304 GC heap after
{Heap after GC invocations=399 (full 1):
 garbage-first heap   total 133120K, used 41587K [0x0000000084c00000, 0x0000000100000000)
  region size 1024K, 6 young (6144K), 6 survivors (6144K)
 Metaspace       used 89271K, committed 90368K, reserved 1179648K
  class space    used 10974K, committed 11520K, reserved 1048576K
}
Event: 262736.323 GC heap before
{Heap before GC invocations=399 (full 1):
 garbage-first heap   total 133120K, used 42611K [0x0000000084c00000, 0x0000000100000000)
  region size 1024K, 7 young (7168K), 6 survivors (6144K)
 Metaspace       used 89276K, committed 90368K, reserved 1179648K
  class space    used 10974K, committed 11520K, reserved 1048576K
}
Event: 262736.387 GC heap after
{Heap after GC invocations=400 (full 1):
 garbage-first heap   total 133120K, used 42147K [0x0000000084c00000, 0x0000000100000000)
  region size 1024K, 1 young (1024K), 1 survivors (1024K)
 Metaspace       used 89276K, committed 90368K, reserved 1179648K
  class space    used 10974K, committed 11520K, reserved 1048576K
}
Event: 262739.359 GC heap before
{Heap before GC invocations=400 (full 1):
 garbage-first heap   total 133120K, used 80035K [0x0000000084c00000, 0x0000000100000000)
  region size 1024K, 39 young (39936K), 1 survivors (1024K)
 Metaspace       used 89715K, committed 90752K, reserved 1179648K
  class space    used 11003K, committed 11520K, reserved 1048576K
}

Dll operation events (14 events):
Event: 0.196 Loaded shared library C:\Program Files\Java\jdk-21\bin\java.dll
Event: 0.245 Loaded shared library C:\Program Files\Java\jdk-21\bin\jsvml.dll
Event: 0.355 Loaded shared library C:\Program Files\Java\jdk-21\bin\zip.dll
Event: 0.387 Loaded shared library C:\Program Files\Java\jdk-21\bin\instrument.dll
Event: 0.406 Loaded shared library C:\Program Files\Java\jdk-21\bin\net.dll
Event: 0.408 Loaded shared library C:\Program Files\Java\jdk-21\bin\nio.dll
Event: 0.411 Loaded shared library C:\Program Files\Java\jdk-21\bin\zip.dll
Event: 1.100 Loaded shared library C:\Program Files\JetBrains\IntelliJ IDEA Community Edition 2023.3.3\bin\breakgen64.dll
Event: 1.126 Loaded shared library C:\Program Files\Java\jdk-21\bin\extnet.dll
Event: 1.281 Loaded shared library C:\Program Files\Java\jdk-21\bin\jimage.dll
Event: 2.955 Loaded shared library C:\Program Files\Java\jdk-21\bin\management.dll
Event: 2.976 Loaded shared library C:\Program Files\Java\jdk-21\bin\management_ext.dll
Event: 7.775 Loaded shared library C:\Program Files\Java\jdk-21\bin\sunmscapi.dll
Event: 15.859 Loaded shared library C:\Program Files\Java\jdk-21\bin\verify.dll

Deoptimization events (20 events):
Event: 262739.235 Thread 0x00000278924b70d0 Uncommon trap: trap_request=0xffffff45 fr.pc=0x000002783c6c7ae8 relative=0x0000000000000248
Event: 262739.235 Thread 0x00000278924b70d0 Uncommon trap: reason=unstable_if action=reinterpret pc=0x000002783c6c7ae8 method=sun.reflect.annotation.AnnotationInvocationHandler.invoke(Ljava/lang/Object;Ljava/lang/reflect/Method;[Ljava/lang/Object;)Ljava/lang/Object; @ 64 c2
Event: 262739.235 Thread 0x00000278924b70d0 DEOPT PACKING pc=0x000002783c6c7ae8 sp=0x000000dfecffe230
Event: 262739.235 Thread 0x00000278924b70d0 DEOPT UNPACKING pc=0x000002783c0e7da2 sp=0x000000dfecffe1b8 mode 2
Event: 262739.306 Thread 0x00000278924b70d0 Uncommon trap: trap_request=0xffffff45 fr.pc=0x000002783c79b4f4 relative=0x0000000000000c34
Event: 262739.306 Thread 0x00000278924b70d0 Uncommon trap: reason=unstable_if action=reinterpret pc=0x000002783c79b4f4 method=org.springframework.util.ReflectionUtils.makeAccessible(Ljava/lang/reflect/Constructor;)V @ 27 c2
Event: 262739.306 Thread 0x00000278924b70d0 DEOPT PACKING pc=0x000002783c79b4f4 sp=0x000000dfecffe6c0
Event: 262739.306 Thread 0x00000278924b70d0 DEOPT UNPACKING pc=0x000002783c0e7da2 sp=0x000000dfecffe628 mode 2
Event: 262739.307 Thread 0x00000278924b70d0 Uncommon trap: trap_request=0xffffffde fr.pc=0x000002783cf3a328 relative=0x00000000000000e8
Event: 262739.307 Thread 0x00000278924b70d0 Uncommon trap: reason=class_check action=maybe_recompile pc=0x000002783cf3a328 method=org.springframework.core.SerializableTypeWrapper.unwrap(Ljava/lang/reflect/Type;)Ljava/lang/reflect/Type; @ 10 c2
Event: 262739.308 Thread 0x00000278924b70d0 DEOPT PACKING pc=0x000002783cf3a328 sp=0x000000dfecffb820
Event: 262739.308 Thread 0x00000278924b70d0 DEOPT UNPACKING pc=0x000002783c0e7da2 sp=0x000000dfecffb7a8 mode 2
Event: 262739.308 Thread 0x00000278924b70d0 Uncommon trap: trap_request=0xffffffde fr.pc=0x000002783cf3a328 relative=0x00000000000000e8
Event: 262739.308 Thread 0x00000278924b70d0 Uncommon trap: reason=class_check action=maybe_recompile pc=0x000002783cf3a328 method=org.springframework.core.SerializableTypeWrapper.unwrap(Ljava/lang/reflect/Type;)Ljava/lang/reflect/Type; @ 10 c2
Event: 262739.308 Thread 0x00000278924b70d0 DEOPT PACKING pc=0x000002783cf3a328 sp=0x000000dfecffb820
Event: 262739.308 Thread 0x00000278924b70d0 DEOPT UNPACKING pc=0x000002783c0e7da2 sp=0x000000dfecffb7a8 mode 2
Event: 262739.309 Thread 0x00000278924b70d0 Uncommon trap: trap_request=0xffffffde fr.pc=0x000002783cf3a328 relative=0x00000000000000e8
Event: 262739.309 Thread 0x00000278924b70d0 Uncommon trap: reason=class_check action=maybe_recompile pc=0x000002783cf3a328 method=org.springframework.core.SerializableTypeWrapper.unwrap(Ljava/lang/reflect/Type;)Ljava/lang/reflect/Type; @ 10 c2
Event: 262739.309 Thread 0x00000278924b70d0 DEOPT PACKING pc=0x000002783cf3a328 sp=0x000000dfecffb820
Event: 262739.309 Thread 0x00000278924b70d0 DEOPT UNPACKING pc=0x000002783c0e7da2 sp=0x000000dfecffb7a8 mode 2

Classes loaded (20 events):
Event: 10276.186 Loading class java/io/ObjectOutputStream$HandleTable
Event: 10276.198 Loading class java/io/ObjectOutputStream$HandleTable done
Event: 10276.198 Loading class java/io/ObjectOutputStream$ReplaceTable
Event: 10276.201 Loading class java/io/ObjectOutputStream$ReplaceTable done
Event: 28657.586 Loading class sun/util/resources/LocaleData$CommonResourceBundleProvider
Event: 28657.630 Loading class sun/util/resources/LocaleData$LocaleDataResourceBundleProvider
Event: 28657.661 Loading class java/util/spi/ResourceBundleProvider
Event: 28657.674 Loading class java/util/spi/ResourceBundleProvider done
Event: 28657.675 Loading class sun/util/resources/LocaleData$LocaleDataResourceBundleProvider done
Event: 28657.675 Loading class sun/util/resources/LocaleData$CommonResourceBundleProvider done
Event: 28657.823 Loading class sun/util/resources/Bundles$2
Event: 28657.864 Loading class sun/util/resources/Bundles$2 done
Event: 259919.565 Loading class java/util/concurrent/locks/AbstractQueuedSynchronizer$SharedNode
Event: 259919.569 Loading class java/util/concurrent/locks/AbstractQueuedSynchronizer$SharedNode done
Event: 259922.496 Loading class java/lang/ref/Finalizer$2
Event: 259922.540 Loading class java/lang/ref/Finalizer$2 done
Event: 259922.557 Loading class java/lang/ref/Finalizer$1
Event: 259922.581 Loading class java/lang/ref/Finalizer$1 done
Event: 262095.394 Loading class java/lang/invoke/MethodHandleImpl$CountingWrapper$1
Event: 262095.397 Loading class java/lang/invoke/MethodHandleImpl$CountingWrapper$1 done

Classes unloaded (20 events):
Event: 261912.863 Thread 0x00000278496e67e0 Unloading class 0x000002784ba78c00 'java/lang/invoke/LambdaForm$MH+0x000002784ba78c00'
Event: 261912.863 Thread 0x00000278496e67e0 Unloading class 0x000002784ba9c400 'java/lang/invoke/LambdaForm$MH+0x000002784ba9c400'
Event: 261912.864 Thread 0x00000278496e67e0 Unloading class 0x000002784ba9d400 'java/lang/invoke/LambdaForm$MH+0x000002784ba9d400'
Event: 261912.864 Thread 0x00000278496e67e0 Unloading class 0x000002784b950800 'java/lang/invoke/LambdaForm$MH+0x000002784b950800'
Event: 261912.864 Thread 0x00000278496e67e0 Unloading class 0x000002784b01a800 'java/lang/invoke/LambdaForm$MH+0x000002784b01a800'
Event: 261912.864 Thread 0x00000278496e67e0 Unloading class 0x000002784ba50c00 'java/lang/invoke/LambdaForm$MH+0x000002784ba50c00'
Event: 261912.864 Thread 0x00000278496e67e0 Unloading class 0x000002784baa4c00 'java/lang/invoke/LambdaForm$MH+0x000002784baa4c00'
Event: 261912.864 Thread 0x00000278496e67e0 Unloading class 0x000002784bab1400 'java/lang/invoke/LambdaForm$DMH+0x000002784bab1400'
Event: 261912.864 Thread 0x00000278496e67e0 Unloading class 0x000002784bab1000 'java/lang/invoke/LambdaForm$DMH+0x000002784bab1000'
Event: 261912.864 Thread 0x00000278496e67e0 Unloading class 0x000002784bab1c00 'java/lang/invoke/LambdaForm$MH+0x000002784bab1c00'
Event: 261912.864 Thread 0x00000278496e67e0 Unloading class 0x000002784bab1800 'java/lang/invoke/LambdaForm$MH+0x000002784bab1800'
Event: 262112.960 Thread 0x00000278496e67e0 Unloading class 0x000002784bad4000 'org/apache/catalina/loader/JdbcLeakPrevention'
Event: 262112.961 Thread 0x00000278496e67e0 Unloading class 0x000002784bae9c00 'org/apache/catalina/loader/JdbcLeakPrevention'
Event: 262112.961 Thread 0x00000278496e67e0 Unloading class 0x000002784bad0400 'java/lang/invoke/LambdaForm$MH+0x000002784bad0400'
Event: 262112.961 Thread 0x00000278496e67e0 Unloading class 0x000002784bacc400 'java/lang/invoke/LambdaForm$MH+0x000002784bacc400'
Event: 262112.961 Thread 0x00000278496e67e0 Unloading class 0x000002784bac9800 'java/lang/invoke/LambdaForm$MH+0x000002784bac9800'
Event: 262242.573 Thread 0x00000278496e67e0 Unloading class 0x000002784bb0c000 'org/apache/catalina/loader/JdbcLeakPrevention'
Event: 262242.574 Thread 0x00000278496e67e0 Unloading class 0x000002784bb00000 'org/apache/catalina/loader/JdbcLeakPrevention'
Event: 262242.589 Thread 0x00000278496e67e0 Unloading class 0x000002784baf4000 'org/apache/catalina/loader/JdbcLeakPrevention'
Event: 262339.345 Thread 0x00000278496e67e0 Unloading class 0x000002784bb14000 'org/apache/catalina/loader/JdbcLeakPrevention'

Classes redefined (0 events):
No events

Internal exceptions (20 events):
Event: 262739.240 Thread 0x00000278924b70d0 Exception <a 'java/io/IOException'{0x000000008a81ba88}> (0x000000008a81ba88) 
thrown [s\open\src\hotspot\share\prims\jni.cpp, line 520]
Event: 262739.242 Thread 0x00000278924b70d0 Exception <a 'java/io/IOException'{0x000000008a81eca8}> (0x000000008a81eca8) 
thrown [s\open\src\hotspot\share\prims\jni.cpp, line 520]
Event: 262739.242 Thread 0x00000278924b70d0 Exception <a 'java/io/IOException'{0x000000008a81f2c8}> (0x000000008a81f2c8) 
thrown [s\open\src\hotspot\share\prims\jni.cpp, line 520]
Event: 262739.253 Thread 0x0000027894287e00 Exception <a 'java/io/IOException'{0x000000008a826728}> (0x000000008a826728) 
thrown [s\open\src\hotspot\share\prims\jni.cpp, line 520]
Event: 262739.253 Thread 0x0000027894287e00 Exception <a 'java/io/IOException'{0x000000008a827628}> (0x000000008a827628) 
thrown [s\open\src\hotspot\share\prims\jni.cpp, line 520]
Event: 262739.255 Thread 0x0000027894287e00 Exception <a 'java/io/IOException'{0x000000008a82b7a0}> (0x000000008a82b7a0) 
thrown [s\open\src\hotspot\share\prims\jni.cpp, line 520]
Event: 262739.256 Thread 0x0000027894287e00 Exception <a 'java/io/IOException'{0x000000008a82e670}> (0x000000008a82e670) 
thrown [s\open\src\hotspot\share\prims\jni.cpp, line 520]
Event: 262739.256 Thread 0x0000027894287e00 Exception <a 'java/io/IOException'{0x000000008a830410}> (0x000000008a830410) 
thrown [s\open\src\hotspot\share\prims\jni.cpp, line 520]
Event: 262739.258 Thread 0x0000027894287e00 Exception <a 'java/io/IOException'{0x000000008a834410}> (0x000000008a834410) 
thrown [s\open\src\hotspot\share\prims\jni.cpp, line 520]
Event: 262739.259 Thread 0x00000278924b70d0 Exception <a 'java/io/IOException'{0x000000008a821d50}> (0x000000008a821d50) 
thrown [s\open\src\hotspot\share\prims\jni.cpp, line 520]
Event: 262739.259 Thread 0x00000278924b70d0 Exception <a 'java/io/IOException'{0x000000008a822370}> (0x000000008a822370) 
thrown [s\open\src\hotspot\share\prims\jni.cpp, line 520]
Event: 262739.261 Thread 0x00000278924b70d0 Exception <a 'java/io/IOException'{0x000000008a8466c8}> (0x000000008a8466c8) 
thrown [s\open\src\hotspot\share\prims\jni.cpp, line 520]
Event: 262739.261 Thread 0x00000278924b70d0 Exception <a 'java/io/IOException'{0x000000008a846ce8}> (0x000000008a846ce8) 
thrown [s\open\src\hotspot\share\prims\jni.cpp, line 520]
Event: 262739.280 Thread 0x0000027894285d30 Exception <a 'java/lang/InterruptedException'{0x000000008a869ea0}: sleep interrupted> (0x000000008a869ea0) 
thrown [s\open\src\hotspot\share\prims\jvm.cpp, line 3074]
Event: 262739.283 Thread 0x00000278924b70d0 Exception <a 'java/io/IOException'{0x000000008a889ad8}> (0x000000008a889ad8) 
thrown [s\open\src\hotspot\share\prims\jni.cpp, line 520]
Event: 262739.283 Thread 0x00000278924b70d0 Exception <a 'java/io/IOException'{0x000000008a88a0f8}> (0x000000008a88a0f8) 
thrown [s\open\src\hotspot\share\prims\jni.cpp, line 520]
Event: 262739.301 Thread 0x00000278924b70d0 Exception <a 'java/lang/NoClassDefFoundError'{0x000000008a896ef0}: jakarta/validation/ValidationException> (0x000000008a896ef0) 
thrown [s\open\src\hotspot\share\classfile\systemDictionary.cpp, line 301]
Event: 262739.302 Thread 0x00000278924b70d0 Exception <a 'java/lang/NoClassDefFoundError'{0x000000008a89e798}: liquibase/exception/ChangeLogParseException> (0x000000008a89e798) 
thrown [s\open\src\hotspot\share\classfile\systemDictionary.cpp, line 301]
Event: 262739.303 Thread 0x00000278924b70d0 Exception <a 'java/lang/NoClassDefFoundError'{0x000000008a8aeaa8}: org/jooq/DSLContext> (0x000000008a8aeaa8) 
thrown [s\open\src\hotspot\share\classfile\systemDictionary.cpp, line 301]
Event: 262739.303 Thread 0x00000278924b70d0 Exception <a 'java/lang/NoClassDefFoundError'{0x000000008a8afd58}: io/r2dbc/spi/ConnectionFactory> (0x000000008a8afd58) 
thrown [s\open\src\hotspot\share\classfile\systemDictionary.cpp, line 301]

ZGC Phase Switch (0 events):
No events

VM Operations (20 events):
Event: 262732.803 Executing VM operation: Cleanup done
Event: 262733.806 Executing VM operation: Cleanup
Event: 262733.806 Executing VM operation: Cleanup done
Event: 262734.814 Executing VM operation: Cleanup
Event: 262734.830 Executing VM operation: Cleanup done
Event: 262735.837 Executing VM operation: Cleanup
Event: 262735.838 Executing VM operation: Cleanup done
Event: 262736.264 Executing VM operation: G1CollectForAllocation (G1 Evacuation Pause)
Event: 262736.304 Executing VM operation: G1CollectForAllocation (G1 Evacuation Pause) done
Event: 262736.323 Executing VM operation: G1CollectForAllocation (G1 Evacuation Pause)
Event: 262736.387 Executing VM operation: G1CollectForAllocation (G1 Evacuation Pause) done
Event: 262737.272 Executing VM operation: ICBufferFull
Event: 262737.272 Executing VM operation: ICBufferFull done
Event: 262738.277 Executing VM operation: Cleanup
Event: 262738.277 Executing VM operation: Cleanup done
Event: 262739.283 Executing VM operation: Cleanup
Event: 262739.299 Executing VM operation: Cleanup done
Event: 262739.348 Executing VM operation: G1CollectForAllocation (G1 Evacuation Pause)
Event: 262739.349 Executing VM operation: G1CollectForAllocation (G1 Evacuation Pause) done
Event: 262739.359 Executing VM operation: G1CollectForAllocation (GCLocker Initiated GC)

Events (20 events):
Event: 262698.329 Thread 0x00000278496e67e0 flushing nmethod 0x000002783c6cc490
Event: 262698.329 Thread 0x00000278496e67e0 flushing nmethod 0x000002783c69eb10
Event: 262698.329 Thread 0x00000278496e67e0 flushing nmethod 0x000002783c6b0990
Event: 262698.329 Thread 0x00000278496e67e0 flushing nmethod 0x000002783c645390
Event: 262698.329 Thread 0x00000278496e67e0 flushing nmethod 0x000002783c646190
Event: 262726.530 Thread 0x00000278924b70d0 Thread added: 0x00000278924b70d0
Event: 262728.984 Thread 0x000002788f004770 Thread added: 0x000002788f004770
Event: 262729.409 Thread 0x000002788f004770 Thread exited: 0x000002788f004770
Event: 262735.908 Thread 0x00000278901f45f0 Thread added: 0x00000278901f45f0
Event: 262736.036 Thread 0x00000278937aa120 Thread added: 0x00000278937aa120
Event: 262739.224 Thread 0x00000278937aa7b0 Thread added: 0x00000278937aa7b0
Event: 262739.225 Thread 0x00000278901f1800 Thread added: 0x00000278901f1800
Event: 262739.227 Thread 0x0000027894285d30 Thread added: 0x0000027894285d30
Event: 262739.243 Thread 0x0000027894287e00 Thread added: 0x0000027894287e00
Event: 262739.243 Thread 0x00000278937aa120 Thread exited: 0x00000278937aa120
Event: 262739.243 Thread 0x00000278901f45f0 Thread exited: 0x00000278901f45f0
Event: 262739.259 Thread 0x0000027894287e00 Thread exited: 0x0000027894287e00
Event: 262739.280 Thread 0x00000278901f1800 Thread exited: 0x00000278901f1800
Event: 262739.280 Thread 0x0000027894285d30 Thread exited: 0x0000027894285d30
Event: 262739.280 Thread 0x00000278937aa7b0 Thread exited: 0x00000278937aa7b0


Dynamic libraries:
0x00007ff61adb0000 - 0x00007ff61adc0000 	C:\Program Files\Java\jdk-21\bin\java.exe
0x00007ff9b7590000 - 0x00007ff9b77a6000 	C:\Windows\SYSTEM32\ntdll.dll
0x00007ff9b6980000 - 0x00007ff9b6a44000 	C:\Windows\System32\KERNEL32.DLL
0x00007ff9b4d50000 - 0x00007ff9b50f7000 	C:\Windows\System32\KERNELBASE.dll
0x00007ff9b4bc0000 - 0x00007ff9b4cd1000 	C:\Windows\System32\ucrtbase.dll
0x00007ff978a60000 - 0x00007ff978a7b000 	C:\Program Files\Java\jdk-21\bin\VCRUNTIME140.dll
0x00007ff96b1c0000 - 0x00007ff96b1d9000 	C:\Program Files\Java\jdk-21\bin\jli.dll
0x00007ff9b52c0000 - 0x00007ff9b5372000 	C:\Windows\System32\ADVAPI32.dll
0x00007ff9b7050000 - 0x00007ff9b70f7000 	C:\Windows\System32\msvcrt.dll
0x00007ff9b7130000 - 0x00007ff9b71d8000 	C:\Windows\System32\sechost.dll
0x00007ff9b5290000 - 0x00007ff9b52b8000 	C:\Windows\System32\bcrypt.dll
0x00007ff9b5710000 - 0x00007ff9b5825000 	C:\Windows\System32\RPCRT4.dll
0x00007ff9b5ab0000 - 0x00007ff9b5c5e000 	C:\Windows\System32\USER32.dll
0x00007ff9b51a0000 - 0x00007ff9b51c6000 	C:\Windows\System32\win32u.dll
0x00007ff99c940000 - 0x00007ff99cbd3000 	C:\Windows\WinSxS\amd64_microsoft.windows.common-controls_6595b64144ccf1df_6.0.22621.3235_none_270f74e173860f98\COMCTL32.dll
0x00007ff9b7230000 - 0x00007ff9b7259000 	C:\Windows\System32\GDI32.dll
0x00007ff9b4aa0000 - 0x00007ff9b4bb9000 	C:\Windows\System32\gdi32full.dll
0x00007ff9b5100000 - 0x00007ff9b519a000 	C:\Windows\System32\msvcp_win.dll
0x00007ff9aa8b0000 - 0x00007ff9aa8ba000 	C:\Windows\SYSTEM32\VERSION.dll
0x00007ff9b7510000 - 0x00007ff9b7541000 	C:\Windows\System32\IMM32.DLL
0x00007ff98a5c0000 - 0x00007ff98a5cc000 	C:\Program Files\Java\jdk-21\bin\vcruntime140_1.dll
0x00007ff964ee0000 - 0x00007ff964f6e000 	C:\Program Files\Java\jdk-21\bin\msvcp140.dll
0x00007ff8f8460000 - 0x00007ff8f9177000 	C:\Program Files\Java\jdk-21\bin\server\jvm.dll
0x00007ff9b67f0000 - 0x00007ff9b6861000 	C:\Windows\System32\WS2_32.dll
0x00007ff9b3720000 - 0x00007ff9b376d000 	C:\Windows\SYSTEM32\POWRPROF.dll
0x00007ff9aa900000 - 0x00007ff9aa934000 	C:\Windows\SYSTEM32\WINMM.dll
0x00007ff9b3700000 - 0x00007ff9b3713000 	C:\Windows\SYSTEM32\UMPDC.dll
0x00007ff9b39c0000 - 0x00007ff9b39d8000 	C:\Windows\SYSTEM32\kernel.appcore.dll
0x00007ff98a4d0000 - 0x00007ff98a4da000 	C:\Program Files\Java\jdk-21\bin\jimage.dll
0x00007ff9b2340000 - 0x00007ff9b2573000 	C:\Windows\SYSTEM32\DBGHELP.DLL
0x00007ff9b5380000 - 0x00007ff9b5708000 	C:\Windows\System32\combase.dll
0x00007ff9b64c0000 - 0x00007ff9b6597000 	C:\Windows\System32\OLEAUT32.dll
0x00007ff998a70000 - 0x00007ff998aa2000 	C:\Windows\SYSTEM32\dbgcore.DLL
0x00007ff9b4a20000 - 0x00007ff9b4a99000 	C:\Windows\System32\bcryptPrimitives.dll
0x00007ff98a310000 - 0x00007ff98a31f000 	C:\Program Files\Java\jdk-21\bin\instrument.dll
0x00007ff9651b0000 - 0x00007ff9651cf000 	C:\Program Files\Java\jdk-21\bin\java.dll
0x00007ff9b5c60000 - 0x00007ff9b64bc000 	C:\Windows\System32\SHELL32.dll
0x00007ff9b27c0000 - 0x00007ff9b30b9000 	C:\Windows\SYSTEM32\windows.storage.dll
0x00007ff9b2680000 - 0x00007ff9b27be000 	C:\Windows\SYSTEM32\wintypes.dll
0x00007ff9b6ee0000 - 0x00007ff9b6fd3000 	C:\Windows\System32\SHCORE.dll
0x00007ff9b6870000 - 0x00007ff9b68ce000 	C:\Windows\System32\shlwapi.dll
0x00007ff9b47e0000 - 0x00007ff9b4801000 	C:\Windows\SYSTEM32\profapi.dll
0x00007ff964b80000 - 0x00007ff964c57000 	C:\Program Files\Java\jdk-21\bin\jsvml.dll
0x00007ff9650c0000 - 0x00007ff9650d8000 	C:\Program Files\Java\jdk-21\bin\zip.dll
0x00007ff98a3a0000 - 0x00007ff98a3b0000 	C:\Program Files\Java\jdk-21\bin\net.dll
0x00007ff9ab320000 - 0x00007ff9ab456000 	C:\Windows\SYSTEM32\WINHTTP.dll
0x00007ff9b3e50000 - 0x00007ff9b3eb9000 	C:\Windows\system32\mswsock.dll
0x00007ff9650e0000 - 0x00007ff9650f6000 	C:\Program Files\Java\jdk-21\bin\nio.dll
0x00007ff9650a0000 - 0x00007ff9650ba000 	C:\Program Files\JetBrains\IntelliJ IDEA Community Edition 2023.3.3\bin\breakgen64.dll
0x00007ff98a270000 - 0x00007ff98a279000 	C:\Program Files\Java\jdk-21\bin\extnet.dll
0x00007ff98a0c0000 - 0x00007ff98a0ca000 	C:\Program Files\Java\jdk-21\bin\management.dll
0x00007ff989470000 - 0x00007ff98947b000 	C:\Program Files\Java\jdk-21\bin\management_ext.dll
0x00007ff9b7470000 - 0x00007ff9b7478000 	C:\Windows\System32\PSAPI.DLL
0x00007ff985070000 - 0x00007ff98507e000 	C:\Program Files\Java\jdk-21\bin\sunmscapi.dll
0x00007ff9b48b0000 - 0x00007ff9b4a17000 	C:\Windows\System32\CRYPT32.dll
0x00007ff9b4270000 - 0x00007ff9b429e000 	C:\Windows\SYSTEM32\ncrypt.dll
0x00007ff9b4230000 - 0x00007ff9b4267000 	C:\Windows\SYSTEM32\NTASN1.dll
0x00007ff9b40c0000 - 0x00007ff9b40db000 	C:\Windows\SYSTEM32\CRYPTSP.dll
0x00007ff9b3910000 - 0x00007ff9b3945000 	C:\Windows\system32\rsaenh.dll
0x00007ff9b3f50000 - 0x00007ff9b3f78000 	C:\Windows\SYSTEM32\USERENV.dll
0x00007ff9b40b0000 - 0x00007ff9b40bc000 	C:\Windows\SYSTEM32\CRYPTBASE.dll
0x00007ff9b3360000 - 0x00007ff9b338d000 	C:\Windows\SYSTEM32\IPHLPAPI.DLL
0x00007ff9b6620000 - 0x00007ff9b6629000 	C:\Windows\System32\NSI.dll
0x00007ff984b70000 - 0x00007ff984b80000 	C:\Program Files\Java\jdk-21\bin\verify.dll
0x00007ff9b33e0000 - 0x00007ff9b34d9000 	C:\Windows\SYSTEM32\DNSAPI.dll
0x00007ff9a9020000 - 0x00007ff9a902a000 	C:\Windows\System32\rasadhlp.dll
0x00007ff9a9210000 - 0x00007ff9a9293000 	C:\Windows\System32\fwpuclnt.dll
0x00007ff9978e0000 - 0x00007ff9978e8000 	C:\Windows\system32\wshunix.dll

dbghelp: loaded successfully - version: 4.0.5 - missing functions: none
symbol engine: initialized successfully - sym options: 0x614 - pdb path: .;C:\Program Files\Java\jdk-21\bin;C:\Windows\SYSTEM32;C:\Windows\WinSxS\amd64_microsoft.windows.common-controls_6595b64144ccf1df_6.0.22621.3235_none_270f74e173860f98;C:\Program Files\Java\jdk-21\bin\server;C:\Program Files\JetBrains\IntelliJ IDEA Community Edition 2023.3.3\bin

VM Arguments:
jvm_args: -javaagent:C:\Program Files\JetBrains\IntelliJ IDEA Community Edition 2023.3.3\lib\idea_rt.jar=64624:C:\Program Files\JetBrains\IntelliJ IDEA Community Edition 2023.3.3\bin -Dfile.encoding=UTF-8 -Dsun.stdout.encoding=UTF-8 -Dsun.stderr.encoding=UTF-8 
java_command: com.example.backend.BackEndApplication
java_class_path (initial): C:\Users\nermi\Documents\pfe\back-end\target\classes;C:\Users\nermi\.m2\repository\org\springframework\boot\spring-boot-starter-data-jpa\3.2.2\spring-boot-starter-data-jpa-3.2.2.jar;C:\Users\nermi\.m2\repository\org\springframework\boot\spring-boot-starter-aop\3.2.2\spring-boot-starter-aop-3.2.2.jar;C:\Users\nermi\.m2\repository\org\aspectj\aspectjweaver\1.9.21\aspectjweaver-1.9.21.jar;C:\Users\nermi\.m2\repository\org\springframework\boot\spring-boot-starter-jdbc\3.2.2\spring-boot-starter-jdbc-3.2.2.jar;C:\Users\nermi\.m2\repository\com\zaxxer\HikariCP\5.0.1\HikariCP-5.0.1.jar;C:\Users\nermi\.m2\repository\org\springframework\spring-jdbc\6.1.3\spring-jdbc-6.1.3.jar;C:\Users\nermi\.m2\repository\org\hibernate\orm\hibernate-core\6.4.1.Final\hibernate-core-6.4.1.Final.jar;C:\Users\nermi\.m2\repository\jakarta\persistence\jakarta.persistence-api\3.1.0\jakarta.persistence-api-3.1.0.jar;C:\Users\nermi\.m2\repository\jakarta\transaction\jakarta.transaction-api\2.0.1\jakarta.transaction-api-2.0.1.jar;C:\Users\nermi\.m2\repository\org\jboss\logging\jboss-logging\3.5.3.Final\jboss-logging-3.5.3.Final.jar;C:\Users\nermi\.m2\repository\org\hibernate\common\hibernate-commons-annotations\6.0.6.Final\hibernate-commons-annotations-6.0.6.Final.jar;C:\Users\nermi\.m2\repository\io\smallrye\jandex\3.1.2\jandex-3.1.2.jar;C:\Users\nermi\.m2\repository\com\fasterxml\classmate\1.6.0\classmate-1.6.0.jar;C:\Users\nermi\.m2\repository\net\bytebuddy\byte-buddy\1.14.11\byte-buddy-1.14.11.jar;C:\Users\nermi\.m2\repository\org\glassfish\jaxb\jaxb-runtime\4.0.4\jaxb-runtime-4.0.4.jar;C:\Users\nermi\.m2\repository\org\glassfish\jaxb\jaxb-core\4.0.4\jaxb-core-4.0.4.jar;C:\Users\nermi\.m2\repository\org\glassfish\jaxb\txw2\4.0.4\txw2-4.0.4.jar;C:\Users\nermi\.m2\repository\com\sun\istack\istack-commons-runtime\4.1.2\istack-commons-runtime-4.1.2.jar;C:\Users\nermi\.m2\repository\jakarta\inject\jakarta.inject-api\2.0.1\jakarta.inject-api-2.0.1.jar;C:\Users\nermi\.m2\repository\org\antlr\antlr4-runtime\4.13.0\antlr4-runtime-4.13.0.jar;C:\Users\nermi\.m2\repository\org\springframework\data\spring-data-jpa\3.2.2\spring-data-jpa-3.2.2.jar;C:\Users\nermi\.m2\repository\org\springframework\data\spring-data-commons\3.2.2\spring-data-commons-3.2.2.jar;C:\Users\nermi\.m2\repository\org\springframework\spring-orm\6.1.3\spring-orm-6.1.3.jar;C:\Users\nermi\.m2\repository\org\springframework\spring-tx\6.1.3\spring-tx-6.1.3.jar;C:\Users\nermi\.m2\repository\jakarta\annotation\jakarta.annotation-api\2.1.1\jakarta.annotation-api-2.1.1.jar;C:\Users\nermi\.m2\repository\org\slf4j\slf4j-api\2.0.11\slf4j-api-2.0.11.jar;C:\Users\nermi\.m2\repository\org\springframework\spring-aspects\6.1.3\spring-aspects-6.1.3.jar;C:\Users\nermi\.m2\repository\org\springframework\boot\spring-boot-starter-security\3.2.2\spring-boot-starter-security-3.2.2.jar;C:\Users\nermi\.m2\repository\org\springframework\boot\spring-boot-starter\3.2.2\spring-boot-starter-3.2.2.jar;C:\Users\nermi\.m2\repository\org\springframework\boot\spring-boot-starter-logging\3.2.2\spring-boot-starter-logging-3.2.2.jar;C:\Users\nermi\.m2\repository\ch\qos\logback\logback-classic\1.4.14\logback-classic-1.4.14.jar;C:\Users\nermi\.m2\repository\ch\qos\logback\logback-core\1.4.14\logback-core-1.4.14.jar;C:\Users\nermi\.m2\repository\org\apache\logging\log4j\log4j-to-slf4j\2.21.1\log4j-to-slf4j-2.21.1.jar;C:\Users\nermi\.m2\repository\org\apache\logging\log4j\log4j-api\2.21.1\log4j-api-2.21.1.jar;C:\Users\nermi\.m2\repository\org\slf4j\jul-to-slf4j\2.0.11\jul-to-slf4j-2.0.11.jar;C:\Users\nermi\.m2\repository\org\yaml\snakeyaml\2.2\snakeyaml-2.2.jar;C:\Users\nermi\.m2\repository\org\springframework\spring-aop\6.1.3\spring-aop-6.1.3.jar;C:\Users\nermi\.m2\repository\org\springframework\security\spring-security-config\6.2.1\spring-security-config-6.2.1.jar;C:\Users\nermi\.m2\repository\org\springframework\security\spring-security-web\6.2.1\spring-security-web-6.2.1.jar;C:\Users\nermi\.m2\repository\org\springframework\boot\spring-boot-starter-web\3.2.2\spring-boot-starter-web-3.2.2.jar;C:\Users\nermi\.m2\repository\org\springframework\boot\spring-boot-starter-json\3.2.2\spring-boot-starter-json-3.2.2.jar;C:\Users\nermi\.m2\repository\com\fasterxml\jackson\datatype\jackson-datatype-jdk8\2.15.3\jackson-datatype-jdk8-2.15.3.jar;C:\Users\nermi\.m2\repository\com\fasterxml\jackson\datatype\jackson-datatype-jsr310\2.15.3\jackson-datatype-jsr310-2.15.3.jar;C:\Users\nermi\.m2\repository\com\fasterxml\jackson\module\jackson-module-parameter-names\2.15.3\jackson-module-parameter-names-2.15.3.jar;C:\Users\nermi\.m2\repository\org\springframework\boot\spring-boot-starter-tomcat\3.2.2\spring-boot-starter-tomcat-3.2.2.jar;C:\Users\nermi\.m2\repository\org\apache\tomcat\embed\tomcat-embed-core\10.1.18\tomcat-embed-core-10.1.18.jar;C:\Users\nermi\.m2\repository\org\apache\tomcat\embed\tomcat-embed-el\10.1.18\tomcat-embed-el-10.1.18.jar;C:\Users\nermi\.m2\repository\org\apache\tomcat\embed\tomcat-embed-websocket\10.1.18\tomcat-embed-websocket-10.1.18.jar;C:\Users\nermi\.m2\repository\org\springframework\spring-web\6.1.3\spring-web-6.1.3.jar;C:\Users\nermi\.m2\repository\org\springframework\spring-webmvc\6.1.3\spring-webmvc-6.1.3.jar;C:\Users\nermi\.m2\repository\org\springframework\boot\spring-boot-devtools\3.2.2\spring-boot-devtools-3.2.2.jar;C:\Users\nermi\.m2\repository\org\springframework\boot\spring-boot\3.2.2\spring-boot-3.2.2.jar;C:\Users\nermi\.m2\repository\org\springframework\boot\spring-boot-autoconfigure\3.2.2\spring-boot-autoconfigure-3.2.2.jar;C:\Users\nermi\.m2\repository\com\mysql\mysql-connector-j\8.3.0\mysql-connector-j-8.3.0.jar;C:\Users\nermi\.m2\repository\jakarta\xml\bind\jakarta.xml.bind-api\4.0.1\jakarta.xml.bind-api-4.0.1.jar;C:\Users\nermi\.m2\repository\jakarta\activation\jakarta.activation-api\2.1.2\jakarta.activation-api-2.1.2.jar;C:\Users\nermi\.m2\repository\org\springframework\spring-core\6.1.3\spring-core-6.1.3.jar;C:\Users\nermi\.m2\repository\org\springframework\spring-jcl\6.1.3\spring-jcl-6.1.3.jar;C:\Users\nermi\.m2\repository\org\springframework\boot\spring-boot-starter-mail\3.2.2\spring-boot-starter-mail-3.2.2.jar;C:\Users\nermi\.m2\repository\org\springframework\spring-context-support\6.1.3\spring-context-support-6.1.3.jar;C:\Users\nermi\.m2\repository\org\eclipse\angus\jakarta.mail\2.0.2\jakarta.mail-2.0.2.jar;C:\Users\nermi\.m2\repository\org\eclipse\angus\angus-activation\2.0.1\angus-activation-2.0.1.jar;C:\Users\nermi\.m2\repository\io\jsonwebtoken\jjwt-api\0.11.5\jjwt-api-0.11.5.jar;C:\Users\nermi\.m2\repository\io\jsonwebtoken\jjwt-impl\0.11.5\jjwt-impl-0.11.5.jar;C:\Users\nermi\.m2\repository\io\jsonwebtoken\jjwt-jackson\0.11.5\jjwt-jackson-0.11.5.jar;C:\Users\nermi\.m2\repository\com\fasterxml\jackson\core\jackson-databind\2.15.3\jackson-databind-2.15.3.jar;C:\Users\nermi\.m2\repository\com\fasterxml\jackson\core\jackson-annotations\2.15.3\jackson-annotations-2.15.3.jar;C:\Users\nermi\.m2\repository\com\fasterxml\jackson\core\jackson-core\2.15.3\jackson-core-2.15.3.jar;C:\Users\nermi\.m2\repository\org\springframework\security\spring-security-core\6.2.1\spring-security-core-6.2.1.jar;C:\Users\nermi\.m2\repository\org\springframework\security\spring-security-crypto\6.2.1\spring-security-crypto-6.2.1.jar;C:\Users\nermi\.m2\repository\org\springframework\spring-beans\6.1.3\spring-beans-6.1.3.jar;C:\Users\nermi\.m2\repository\org\springframework\spring-context\6.1.3\spring-context-6.1.3.jar;C:\Users\nermi\.m2\repository\org\springframework\spring-expression\6.1.3\spring-expression-6.1.3.jar;C:\Users\nermi\.m2\repository\io\micrometer\micrometer-observation\1.12.2\micrometer-observation-1.12.2.jar;C:\Users\nermi\.m2\repository\io\micrometer\micrometer-commons\1.12.2\micrometer-commons-1.12.2.jar
Launcher Type: SUN_STANDARD

[Global flags]
     intx CICompilerCount                          = 4                                         {product} {ergonomic}
     uint ConcGCThreads                            = 2                                         {product} {ergonomic}
     uint G1ConcRefinementThreads                  = 8                                         {product} {ergonomic}
   size_t G1HeapRegionSize                         = 1048576                                   {product} {ergonomic}
    uintx GCDrainStackTargetSize                   = 64                                        {product} {ergonomic}
   size_t InitialHeapSize                          = 130023424                                 {product} {ergonomic}
   size_t MarkStackSize                            = 4194304                                   {product} {ergonomic}
   size_t MaxHeapSize                              = 2067791872                                {product} {ergonomic}
   size_t MaxNewSize                               = 1240465408                                {product} {ergonomic}
   size_t MinHeapDeltaBytes                        = 1048576                                   {product} {ergonomic}
   size_t MinHeapSize                              = 8388608                                   {product} {ergonomic}
    uintx NonNMethodCodeHeapSize                   = 5839372                                {pd product} {ergonomic}
    uintx NonProfiledCodeHeapSize                  = 122909434                              {pd product} {ergonomic}
    uintx ProfiledCodeHeapSize                     = 122909434                              {pd product} {ergonomic}
    uintx ReservedCodeCacheSize                    = 251658240                              {pd product} {ergonomic}
     bool SegmentedCodeCache                       = true                                      {product} {ergonomic}
   size_t SoftMaxHeapSize                          = 2067791872                             {manageable} {ergonomic}
     bool UseCompressedOops                        = true                           {product lp64_product} {ergonomic}
     bool UseG1GC                                  = true                                      {product} {ergonomic}
     bool UseLargePagesIndividualAllocation        = false                                  {pd product} {ergonomic}

Logging:
Log output configuration:
 #0: stdout all=warning uptime,level,tags foldmultilines=false
 #1: stderr all=off uptime,level,tags foldmultilines=false

Environment Variables:
PATH=C:\Program Files\Python312\Scripts\;C:\Program Files\Python312\;C:\Windows\system32;C:\Windows;C:\Windows\System32\Wbem;C:\Windows\System32\WindowsPowerShell\v1.0\;C:\Windows\System32\OpenSSH\;C:\Program Files (x86)\NVIDIA Corporation\PhysX\Common;C:\Program Files\NVIDIA Corporation\NVIDIA NvDLISR;C:\Program Files\nodejs\;C:\Program Files\MySQL\MySQL Server 8.0\bin;C:\Program Files\Git\cmd;C:\Users\nermi\Downloads\apache-maven-3.9.6-bin\apache-maven-3.9.6\bin;C:\Program Files\Docker\Docker\resources\bin;C:\Program Files\Java\jdk-17\bin;C:\Users\nermi\AppData\Local\Programs\Python\Launcher\;C:\Program Files\MySQL\MySQL Shell 8.0\bin\;C:\Users\nermi\AppData\Local\Microsoft\WindowsApps;C:\Users\nermi\AppData\Local\Programs\Microsoft VS Code\bin;C:\Users\nermi\AppData\Roaming\npm;C:\Program Files\JetBrains\IntelliJ IDEA Community Edition 2023.3.3\bin;;C:\Program Files\Java\jdk-17\bin;
USERNAME=nermi
OS=Windows_NT
PROCESSOR_IDENTIFIER=Intel64 Family 6 Model 140 Stepping 1, GenuineIntel
TMP=C:\Users\nermi\AppData\Local\Temp
TEMP=C:\Users\nermi\AppData\Local\Temp




Periodic native trim disabled

---------------  S Y S T E M  ---------------

OS:
 Windows 11 , 64 bit Build 22621 (10.0.22621.3374)
OS uptime: 4 days 2:12 hours
Hyper-V role detected

CPU: total 8 (initial active 8) (4 cores per cpu, 2 threads per core) family 6 model 140 stepping 1 microcode 0xa6, cx8, cmov, fxsr, ht, mmx, 3dnowpref, sse, sse2, sse3, ssse3, sse4.1, sse4.2, popcnt, lzcnt, tsc, tscinvbit, avx, avx2, aes, erms, clmul, bmi1, bmi2, adx, avx512f, avx512dq, avx512cd, avx512bw, avx512vl, sha, fma, vzeroupper, avx512_vpopcntdq, avx512_vpclmulqdq, avx512_vaes, avx512_vnni, clflush, clflushopt, clwb, avx512_vbmi2, avx512_vbmi, hv, rdtscp, rdpid, fsrm, gfni, avx512_bitalg, f16c, cet_ibt, cet_ss, avx512_ifma
Processor Information for all 8 processors :
  Max Mhz: 2419, Current Mhz: 2419, Mhz Limit: 2419

Memory: 4k page, system-wide physical 7886M (297M free)
TotalPageFile size 32462M (AvailPageFile size 165M)
current process WorkingSet (physical memory assigned to process): 287M, peak: 287M
current process commit charge ("private bytes"): 472M, peak: 634M

vm_info: Java HotSpot(TM) 64-Bit Server VM (21.0.2+13-LTS-58) for windows-amd64 JRE (21.0.2+13-LTS-58), built on 2024-01-05T18:32:24Z by "mach5one" with MS VC++ 17.1 (VS2022)

END.
